<!DOCTYPE html PUBLIC "-//W3C//DTD XHTML 1.1//EN" "http://www.w3.org/TR/xhtml11/DTD/xhtml11.dtd">
<html xmlns="http://www.w3.org/1999/xhtml"><head><title>TestNG Report</title><style type="text/css">table {margin-bottom:10px;border-collapse:collapse;empty-cells:show}th,td {border:1px solid #009;padding:.25em .5em}th {vertical-align:bottom}td {vertical-align:top}table a {font-weight:bold}.stripe td {background-color: #E6EBF9}.num {text-align:right}.passedodd td {background-color: #3F3}.passedeven td {background-color: #0A0}.skippedodd td {background-color: #DDD}.skippedeven td {background-color: #CCC}.failedodd td,.attn {background-color: #F33}.failedeven td,.stripe .attn {background-color: #D00}.stacktrace {white-space:pre;font-family:monospace}.totop {font-size:85%;text-align:center;border-bottom:2px solid #000}</style></head><body><table><tr><th>Test</th><th># Passed</th><th># Skipped</th><th># Failed</th><th>Time (ms)</th><th>Included Groups</th><th>Excluded Groups</th></tr><tr><th colspan="7">Automation</th></tr><tr><td><a href="#t0">login</a></td><td class="num">1</td><td class="num">0</td><td class="num">0</td><td class="num">32,807</td><td></td><td></td></tr><tr class="stripe"><td><a href="#t1">Account</a></td><td class="num">3</td><td class="num">0</td><td class="num attn">2</td><td class="num">147,405</td><td></td><td></td></tr><tr><td><a href="#t2">Opportunity</a></td><td class="num">5</td><td class="num">0</td><td class="num">0</td><td class="num">125,908</td><td></td><td></td></tr><tr class="stripe"><td><a href="#t3">Leads</a></td><td class="num">2</td><td class="num attn">3</td><td class="num">0</td><td class="num">65,351</td><td></td><td></td></tr><tr><td><a href="#t4">Contacts</a></td><td class="num">8</td><td class="num">0</td><td class="num">0</td><td class="num">212,277</td><td></td><td></td></tr><tr class="stripe"><td><a href="#t5">RandomScenarios</a></td><td class="num">1</td><td class="num">0</td><td class="num attn">4</td><td class="num">121,879</td><td></td><td></td></tr><tr><th>Total</th><th class="num">20</th><th class="num attn">3</th><th class="num attn">6</th><th class="num">705,627</th><th colspan="2"></th></tr></table><table><thead><tr><th>Class</th><th>Method</th><th>Start</th><th>Time (ms)</th></tr></thead><tbody><tr><th colspan="4">Automation</th></tr></tbody><tbody id="t0"><tr><th colspan="4">login &#8212; passed</th></tr><tr class="passedeven"><td rowspan="1">com.training.testcases.LoginTest</td><td><a href="#m0">validatelogin</a></td><td rowspan="1">1727295029552</td><td rowspan="1">21840</td></tr></tbody><tbody id="t1"><tr><th colspan="4">Account &#8212; failed</th></tr><tr class="failedeven"><td rowspan="2">com.training.testcases.AccountTest</td><td><a href="#m1">editView</a></td><td rowspan="1">1727295170292</td><td rowspan="1">10184</td></tr><tr class="failedeven"><td><a href="#m2">mergeAccounts</a></td><td rowspan="1">1727295187080</td><td rowspan="1">14342</td></tr><tr><th colspan="4">Account &#8212; passed</th></tr><tr class="passedeven"><td rowspan="3">com.training.testcases.AccountTest</td><td><a href="#m3">createAccountReport</a></td><td rowspan="1">1727295060886</td><td rowspan="1">38667</td></tr><tr class="passedeven"><td><a href="#m4">createNewAccount</a></td><td rowspan="1">1727295106058</td><td rowspan="1">22270</td></tr><tr class="passedeven"><td><a href="#m5">createNewView</a></td><td rowspan="1">1727295137646</td><td rowspan="1">25830</td></tr></tbody><tbody id="t2"><tr><th colspan="4">Opportunity &#8212; passed</th></tr><tr class="passedeven"><td rowspan="5">com.training.testcases.OpportunityTest</td><td><a href="#m6">CreateNewOpportunity</a></td><td rowspan="1">1727295208361</td><td rowspan="1">14536</td></tr><tr class="passedeven"><td><a href="#m7">OpportunitiesDropdown</a></td><td rowspan="1">1727295229680</td><td rowspan="1">25822</td></tr><tr class="passedeven"><td><a href="#m8">OpportunitiesPipeline</a></td><td rowspan="1">1727295263427</td><td rowspan="1">25222</td></tr><tr class="passedeven"><td><a href="#m9">QSummaryReport</a></td><td rowspan="1">1727295295721</td><td rowspan="1">12373</td></tr><tr class="passedeven"><td><a href="#m10">StuckOpportunities</a></td><td rowspan="1">1727295315439</td><td rowspan="1">12059</td></tr></tbody><tbody id="t3"><tr><th colspan="4">Leads &#8212; failed (configuration methods)</th></tr><tr class="failedeven"><td rowspan="1">com.training.testcases.LeadsTest</td><td><a href="#m11">teardown</a></td><td rowspan="1">1727295373143</td><td rowspan="1">0</td></tr><tr><th colspan="4">Leads &#8212; skipped (configuration methods)</th></tr><tr class="skippedeven"><td rowspan="6">com.training.testcases.LeadsTest</td><td><a href="#m12">beforeMethod</a></td><td rowspan="3">1727295393409</td><td rowspan="3">0</td></tr><tr class="skippedeven"><td><a href="#m13">beforeMethod</a></td></tr><tr class="skippedeven"><td><a href="#m14">beforeMethod</a></td></tr><tr class="skippedeven"><td><a href="#m15">teardown</a></td><td rowspan="3">1727295393410</td><td rowspan="3">0</td></tr><tr class="skippedeven"><td><a href="#m16">teardown</a></td></tr><tr class="skippedeven"><td><a href="#m17">teardown</a></td></tr><tr><th colspan="4">Leads &#8212; skipped</th></tr><tr class="skippedeven"><td rowspan="3">com.training.testcases.LeadsTest</td><td><a href="#m18">createNewLead</a></td><td rowspan="1">1727295393409</td><td rowspan="1">1</td></tr><tr class="skippedeven"><td><a href="#m19">defaultView</a></td><td rowspan="1">1727295393411</td><td rowspan="1">0</td></tr><tr class="skippedeven"><td><a href="#m20">todaysLeads</a></td><td rowspan="1">1727295393411</td><td rowspan="1">0</td></tr><tr><th colspan="4">Leads &#8212; passed</th></tr><tr class="passedeven"><td rowspan="2">com.training.testcases.LeadsTest</td><td><a href="#m21">GoToLeads</a></td><td rowspan="1">1727295334190</td><td rowspan="1">10106</td></tr><tr class="passedeven"><td><a href="#m22">GoToLeadsDropDown</a></td><td rowspan="1">1727295350838</td><td rowspan="1">22304</td></tr></tbody><tbody id="t4"><tr><th colspan="4">Contacts &#8212; passed</th></tr><tr class="passedeven"><td rowspan="8">com.training.testcases.ContactsTest</td><td><a href="#m23">createNewAccount</a></td><td rowspan="1">1727295400115</td><td rowspan="1">26203</td></tr><tr class="passedeven"><td><a href="#m24">createNewContactError</a></td><td rowspan="1">1727295433070</td><td rowspan="1">10436</td></tr><tr class="passedeven"><td><a href="#m25">createNewViewinContactPage</a></td><td rowspan="1">1727295450117</td><td rowspan="1">25136</td></tr><tr class="passedeven"><td><a href="#m26">gotoMyContactsView</a></td><td rowspan="1">1727295481860</td><td rowspan="1">9290</td></tr><tr class="passedeven"><td><a href="#m27">newViewinContactPageCancel</a></td><td rowspan="1">1727295497803</td><td rowspan="1">25282</td></tr><tr class="passedeven"><td><a href="#m28">newViewinContactPageError</a></td><td rowspan="1">1727295530057</td><td rowspan="1">11567</td></tr><tr class="passedeven"><td><a href="#m29">selectRecentlyCreated</a></td><td rowspan="1">1727295548257</td><td rowspan="1">24214</td></tr><tr class="passedeven"><td><a href="#m30">viewContactName</a></td><td rowspan="1">1727295579035</td><td rowspan="1">25971</td></tr></tbody><tbody id="t5"><tr><th colspan="4">RandomScenarios &#8212; failed</th></tr><tr class="failedeven"><td rowspan="4">com.training.testcases.RandomScenariosTest</td><td><a href="#m31">blockEventCalendar</a></td><td rowspan="1">1727295612124</td><td rowspan="1">13119</td></tr><tr class="failedeven"><td><a href="#m32">blockRecurrence</a></td><td rowspan="1">1727295631784</td><td rowspan="1">27829</td></tr><tr class="failedeven"><td><a href="#m33">verifyEditedLastName</a></td><td rowspan="1">1727295686757</td><td rowspan="1">10352</td></tr><tr class="failedeven"><td><a href="#m34">verifyTabCustomization</a></td><td rowspan="1">1727295703705</td><td rowspan="1">23733</td></tr><tr><th colspan="4">RandomScenarios &#8212; passed</th></tr><tr class="passedeven"><td rowspan="1">com.training.testcases.RandomScenariosTest</td><td><a href="#m35">createNewAccount</a></td><td rowspan="1">1727295666259</td><td rowspan="1">13839</td></tr></tbody></table><h2>login</h2><h3 id="m0">com.training.testcases.LoginTest#validatelogin</h3><table class="result"><tr class="param"><th>Parameter #1</th><th>Parameter #2</th></tr><tr class="param stripe"><td>malavika@mst.com</td><td>jithesh@13</td></tr></table><p class="totop"><a href="#summary">back to summary</a></p><h2>Account</h2><h3 id="m1">com.training.testcases.AccountTest#editView</h3><table class="result"><tr class="param"><th>Parameter #1</th><th>Parameter #2</th><th>Parameter #3</th><th>Parameter #4</th><th>Parameter #5</th></tr><tr class="param stripe"><td>malavika@mst.com</td><td>jithesh@13</td><td>ViewSeven</td><td>ViewSix</td><td>ViewSEVEN</td></tr><tr><th colspan="5">Exception</th></tr><tr><td colspan="5"><div class="stacktrace">org.openqa.selenium.NoSuchElementException: Cannot locate element with text: ViewSeven
For documentation on this error, please visit: https://www.seleniumhq.org/exceptions/no_such_element.html
Build info: version: &apos;3.141.59&apos;, revision: &apos;e82be7d358&apos;, time: &apos;2018-11-14T08:17:03&apos;
System info: host: &apos;MacBook-Air-163.hsd1.ca.comcast.net&apos;, ip: &apos;2601:646:8900:8f80:0:0:0:46fa%en0&apos;, os.name: &apos;Mac OS X&apos;, os.arch: &apos;x86_64&apos;, os.version: &apos;10.16&apos;, java.version: &apos;15.0.1&apos;
Driver info: driver.version: unknown
	at org.openqa.selenium.support.ui.Select.selectByVisibleText(Select.java:147)
	at com.training.pages.AccountPage.selectEditView(AccountPage.java:177)
	at com.training.testcases.AccountTest.editView(AccountTest.java:121)
... Removed 27 stack frames</div></td></tr></table><p class="totop"><a href="#summary">back to summary</a></p><h3 id="m2">com.training.testcases.AccountTest#mergeAccounts</h3><table class="result"><tr class="param"><th>Parameter #1</th><th>Parameter #2</th></tr><tr class="param stripe"><td>malavika@mst.com</td><td>jithesh@13</td></tr><tr><th colspan="2">Exception</th></tr><tr><td colspan="2"><div class="stacktrace">org.openqa.selenium.NoSuchElementException: no such element: Unable to locate element: {&quot;method&quot;:&quot;xpath&quot;,&quot;selector&quot;:&quot;//input[@name=&apos;save&apos;]&quot;}
  (Session info: chrome=129.0.6668.59)
For documentation on this error, please visit: https://www.seleniumhq.org/exceptions/no_such_element.html
Build info: version: &apos;3.141.59&apos;, revision: &apos;e82be7d358&apos;, time: &apos;2018-11-14T08:17:03&apos;
System info: host: &apos;MacBook-Air-163.hsd1.ca.comcast.net&apos;, ip: &apos;2601:646:8900:8f80:0:0:0:46fa%en0&apos;, os.name: &apos;Mac OS X&apos;, os.arch: &apos;x86_64&apos;, os.version: &apos;10.16&apos;, java.version: &apos;15.0.1&apos;
Driver info: org.openqa.selenium.chrome.ChromeDriver
Capabilities {acceptInsecureCerts: false, browserName: chrome, browserVersion: 129.0.6668.59, chrome: {chromedriverVersion: 129.0.6668.70 (df87d5cf12b1..., userDataDir: /var/folders/_l/9y0ldsps16q...}, fedcm:accounts: true, goog:chromeOptions: {debuggerAddress: localhost:63543}, javascriptEnabled: true, networkConnectionEnabled: false, pageLoadStrategy: normal, platform: MAC, platformName: MAC, proxy: Proxy(), setWindowRect: true, strictFileInteractability: false, timeouts: {implicit: 0, pageLoad: 300000, script: 30000}, unhandledPromptBehavior: dismiss and notify, webauthn:extension:credBlob: true, webauthn:extension:largeBlob: true, webauthn:extension:minPinLength: true, webauthn:extension:prf: true, webauthn:virtualAuthenticators: true}
Session ID: f732a182438c3c92109bdf433a0d1b73
*** Element info: {Using=xpath, value=//input[@name=&apos;save&apos;]}
	at org.openqa.selenium.remote.http.W3CHttpResponseCodec.createException(W3CHttpResponseCodec.java:187)
	at org.openqa.selenium.remote.http.W3CHttpResponseCodec.decode(W3CHttpResponseCodec.java:122)
	at org.openqa.selenium.remote.http.W3CHttpResponseCodec.decode(W3CHttpResponseCodec.java:49)
	at org.openqa.selenium.remote.HttpCommandExecutor.execute(HttpCommandExecutor.java:158)
	at org.openqa.selenium.remote.service.DriverCommandExecutor.execute(DriverCommandExecutor.java:83)
	at org.openqa.selenium.remote.RemoteWebDriver.execute(RemoteWebDriver.java:552)
	at org.openqa.selenium.remote.RemoteWebDriver.findElement(RemoteWebDriver.java:323)
	at org.openqa.selenium.remote.RemoteWebDriver.findElementByXPath(RemoteWebDriver.java:428)
	at org.openqa.selenium.By$ByXPath.findElement(By.java:353)
	at org.openqa.selenium.remote.RemoteWebDriver.findElement(RemoteWebDriver.java:315)
	at org.openqa.selenium.support.pagefactory.DefaultElementLocator.findElement(DefaultElementLocator.java:69)
	at org.openqa.selenium.support.pagefactory.internal.LocatingElementHandler.invoke(LocatingElementHandler.java:38)
	at com.sun.proxy.$Proxy12.click(Unknown Source)
	at com.training.pages.AccountPage.clickMergeAcc(AccountPage.java:278)
	at com.training.testcases.AccountTest.mergeAccounts(AccountTest.java:152)
... Removed 32 stack frames</div></td></tr></table><p class="totop"><a href="#summary">back to summary</a></p><h3 id="m3">com.training.testcases.AccountTest#createAccountReport</h3><table class="result"><tr class="param"><th>Parameter #1</th><th>Parameter #2</th><th>Parameter #3</th><th>Parameter #4</th><th>Parameter #5</th></tr><tr class="param stripe"><td>malavika@mst.com</td><td>jithesh@13</td><td>ViewSeven</td><td>ViewSix</td><td>ReportSeven</td></tr></table><p class="totop"><a href="#summary">back to summary</a></p><h3 id="m4">com.training.testcases.AccountTest#createNewAccount</h3><table class="result"><tr class="param"><th>Parameter #1</th><th>Parameter #2</th><th>Parameter #3</th></tr><tr class="param stripe"><td>malavika@mst.com</td><td>jithesh@13</td><td>Ayaan</td></tr></table><p class="totop"><a href="#summary">back to summary</a></p><h3 id="m5">com.training.testcases.AccountTest#createNewView</h3><table class="result"><tr class="param"><th>Parameter #1</th><th>Parameter #2</th><th>Parameter #3</th><th>Parameter #4</th></tr><tr class="param stripe"><td>malavika@mst.com</td><td>jithesh@13</td><td>ViewSeven</td><td>ViewSix</td></tr></table><p class="totop"><a href="#summary">back to summary</a></p><h2>Opportunity</h2><h3 id="m6">com.training.testcases.OpportunityTest#CreateNewOpportunity</h3><table class="result"><tr class="param"><th>Parameter #1</th><th>Parameter #2</th><th>Parameter #3</th><th>Parameter #4</th></tr><tr class="param stripe"><td>malavika@mst.com</td><td>jithesh@13</td><td>Opty5</td><td>Ayaan</td></tr></table><p class="totop"><a href="#summary">back to summary</a></p><h3 id="m7">com.training.testcases.OpportunityTest#OpportunitiesDropdown</h3><table class="result"><tr class="param"><th>Parameter #1</th><th>Parameter #2</th></tr><tr class="param stripe"><td>malavika@mst.com</td><td>jithesh@13</td></tr></table><p class="totop"><a href="#summary">back to summary</a></p><h3 id="m8">com.training.testcases.OpportunityTest#OpportunitiesPipeline</h3><table class="result"><tr class="param"><th>Parameter #1</th><th>Parameter #2</th></tr><tr class="param stripe"><td>malavika@mst.com</td><td>jithesh@13</td></tr></table><p class="totop"><a href="#summary">back to summary</a></p><h3 id="m9">com.training.testcases.OpportunityTest#QSummaryReport</h3><table class="result"><tr class="param"><th>Parameter #1</th><th>Parameter #2</th></tr><tr class="param stripe"><td>malavika@mst.com</td><td>jithesh@13</td></tr></table><p class="totop"><a href="#summary">back to summary</a></p><h3 id="m10">com.training.testcases.OpportunityTest#StuckOpportunities</h3><table class="result"><tr class="param"><th>Parameter #1</th><th>Parameter #2</th></tr><tr class="param stripe"><td>malavika@mst.com</td><td>jithesh@13</td></tr></table><p class="totop"><a href="#summary">back to summary</a></p><h2>Leads</h2><h3 id="m11">com.training.testcases.LeadsTest#teardown</h3><table class="result"><tr><th>Exception</th></tr><tr><td><div class="stacktrace">org.openqa.selenium.WebDriverException: unknown error: failed to close window in 20 seconds
  (Session info: chrome=129.0.6668.59)
Build info: version: &apos;3.141.59&apos;, revision: &apos;e82be7d358&apos;, time: &apos;2018-11-14T08:17:03&apos;
System info: host: &apos;MacBook-Air-163.hsd1.ca.comcast.net&apos;, ip: &apos;2601:646:8900:8f80:0:0:0:46fa%en0&apos;, os.name: &apos;Mac OS X&apos;, os.arch: &apos;x86_64&apos;, os.version: &apos;10.16&apos;, java.version: &apos;15.0.1&apos;
Driver info: org.openqa.selenium.chrome.ChromeDriver
Capabilities {acceptInsecureCerts: false, browserName: chrome, browserVersion: 129.0.6668.59, chrome: {chromedriverVersion: 129.0.6668.70 (df87d5cf12b1..., userDataDir: /var/folders/_l/9y0ldsps16q...}, fedcm:accounts: true, goog:chromeOptions: {debuggerAddress: localhost:63910}, javascriptEnabled: true, networkConnectionEnabled: false, pageLoadStrategy: normal, platform: MAC, platformName: MAC, proxy: Proxy(), setWindowRect: true, strictFileInteractability: false, timeouts: {implicit: 0, pageLoad: 300000, script: 30000}, unhandledPromptBehavior: dismiss and notify, webauthn:extension:credBlob: true, webauthn:extension:largeBlob: true, webauthn:extension:minPinLength: true, webauthn:extension:prf: true, webauthn:virtualAuthenticators: true}
Session ID: 7f94caec34e06f58289b7e1c6af6907e
	at org.openqa.selenium.remote.http.W3CHttpResponseCodec.createException(W3CHttpResponseCodec.java:187)
	at org.openqa.selenium.remote.http.W3CHttpResponseCodec.decode(W3CHttpResponseCodec.java:122)
	at org.openqa.selenium.remote.http.W3CHttpResponseCodec.decode(W3CHttpResponseCodec.java:49)
	at org.openqa.selenium.remote.HttpCommandExecutor.execute(HttpCommandExecutor.java:158)
	at org.openqa.selenium.remote.service.DriverCommandExecutor.execute(DriverCommandExecutor.java:83)
	at org.openqa.selenium.remote.RemoteWebDriver.execute(RemoteWebDriver.java:552)
	at org.openqa.selenium.remote.RemoteWebDriver.execute(RemoteWebDriver.java:609)
	at org.openqa.selenium.remote.RemoteWebDriver.close(RemoteWebDriver.java:442)
	at com.training.base.BaseTest.close(BaseTest.java:35)
	at com.training.testcases.LeadsTest.teardown(LeadsTest.java:167)
... Removed 34 stack frames</div></td></tr></table><p class="totop"><a href="#summary">back to summary</a></p><h3 id="m12">com.training.testcases.LeadsTest#beforeMethod</h3><table class="result"></table><p class="totop"><a href="#summary">back to summary</a></p><h3 id="m13">com.training.testcases.LeadsTest#beforeMethod</h3><table class="result"></table><p class="totop"><a href="#summary">back to summary</a></p><h3 id="m14">com.training.testcases.LeadsTest#beforeMethod</h3><table class="result"></table><p class="totop"><a href="#summary">back to summary</a></p><h3 id="m15">com.training.testcases.LeadsTest#teardown</h3><table class="result"></table><p class="totop"><a href="#summary">back to summary</a></p><h3 id="m16">com.training.testcases.LeadsTest#teardown</h3><table class="result"></table><p class="totop"><a href="#summary">back to summary</a></p><h3 id="m17">com.training.testcases.LeadsTest#teardown</h3><table class="result"></table><p class="totop"><a href="#summary">back to summary</a></p><h3 id="m18">com.training.testcases.LeadsTest#createNewLead</h3><table class="result"><tr class="param"><th>Parameter #1</th><th>Parameter #2</th></tr><tr class="param stripe"><td>malavika@mst.com</td><td>jithesh@13</td></tr></table><p class="totop"><a href="#summary">back to summary</a></p><h3 id="m19">com.training.testcases.LeadsTest#defaultView</h3><table class="result"><tr class="param"><th>Parameter #1</th><th>Parameter #2</th></tr><tr class="param stripe"><td>malavika@mst.com</td><td>jithesh@13</td></tr></table><p class="totop"><a href="#summary">back to summary</a></p><h3 id="m20">com.training.testcases.LeadsTest#todaysLeads</h3><table class="result"><tr class="param"><th>Parameter #1</th><th>Parameter #2</th></tr><tr class="param stripe"><td>malavika@mst.com</td><td>jithesh@13</td></tr></table><p class="totop"><a href="#summary">back to summary</a></p><h3 id="m21">com.training.testcases.LeadsTest#GoToLeads</h3><table class="result"><tr class="param"><th>Parameter #1</th><th>Parameter #2</th></tr><tr class="param stripe"><td>malavika@mst.com</td><td>jithesh@13</td></tr></table><p class="totop"><a href="#summary">back to summary</a></p><h3 id="m22">com.training.testcases.LeadsTest#GoToLeadsDropDown</h3><table class="result"><tr class="param"><th>Parameter #1</th><th>Parameter #2</th></tr><tr class="param stripe"><td>malavika@mst.com</td><td>jithesh@13</td></tr></table><p class="totop"><a href="#summary">back to summary</a></p><h2>Contacts</h2><h3 id="m23">com.training.testcases.ContactsTest#createNewAccount</h3><table class="result"><tr class="param"><th>Parameter #1</th><th>Parameter #2</th></tr><tr class="param stripe"><td>malavika@mst.com</td><td>jithesh@13</td></tr></table><p class="totop"><a href="#summary">back to summary</a></p><h3 id="m24">com.training.testcases.ContactsTest#createNewContactError</h3><table class="result"><tr class="param"><th>Parameter #1</th><th>Parameter #2</th></tr><tr class="param stripe"><td>malavika@mst.com</td><td>jithesh@13</td></tr></table><p class="totop"><a href="#summary">back to summary</a></p><h3 id="m25">com.training.testcases.ContactsTest#createNewViewinContactPage</h3><table class="result"><tr class="param"><th>Parameter #1</th><th>Parameter #2</th></tr><tr class="param stripe"><td>malavika@mst.com</td><td>jithesh@13</td></tr></table><p class="totop"><a href="#summary">back to summary</a></p><h3 id="m26">com.training.testcases.ContactsTest#gotoMyContactsView</h3><table class="result"><tr class="param"><th>Parameter #1</th><th>Parameter #2</th></tr><tr class="param stripe"><td>malavika@mst.com</td><td>jithesh@13</td></tr></table><p class="totop"><a href="#summary">back to summary</a></p><h3 id="m27">com.training.testcases.ContactsTest#newViewinContactPageCancel</h3><table class="result"><tr class="param"><th>Parameter #1</th><th>Parameter #2</th></tr><tr class="param stripe"><td>malavika@mst.com</td><td>jithesh@13</td></tr></table><p class="totop"><a href="#summary">back to summary</a></p><h3 id="m28">com.training.testcases.ContactsTest#newViewinContactPageError</h3><table class="result"><tr class="param"><th>Parameter #1</th><th>Parameter #2</th></tr><tr class="param stripe"><td>malavika@mst.com</td><td>jithesh@13</td></tr></table><p class="totop"><a href="#summary">back to summary</a></p><h3 id="m29">com.training.testcases.ContactsTest#selectRecentlyCreated</h3><table class="result"><tr class="param"><th>Parameter #1</th><th>Parameter #2</th></tr><tr class="param stripe"><td>malavika@mst.com</td><td>jithesh@13</td></tr></table><p class="totop"><a href="#summary">back to summary</a></p><h3 id="m30">com.training.testcases.ContactsTest#viewContactName</h3><table class="result"><tr class="param"><th>Parameter #1</th><th>Parameter #2</th></tr><tr class="param stripe"><td>malavika@mst.com</td><td>jithesh@13</td></tr></table><p class="totop"><a href="#summary">back to summary</a></p><h2>RandomScenarios</h2><h3 id="m31">com.training.testcases.RandomScenariosTest#blockEventCalendar</h3><table class="result"><tr class="param"><th>Parameter #1</th><th>Parameter #2</th></tr><tr class="param stripe"><td>malavika@mst.com</td><td>jithesh@13</td></tr><tr><th colspan="2">Exception</th></tr><tr><td colspan="2"><div class="stacktrace">org.openqa.selenium.NoSuchElementException: no such element: Unable to locate element: {&quot;method&quot;:&quot;xpath&quot;,&quot;selector&quot;:&quot;//a[@href=&apos;/00U/c?md3=220&amp;md0=2024&apos;]&quot;}
  (Session info: chrome=129.0.6668.59)
For documentation on this error, please visit: https://www.seleniumhq.org/exceptions/no_such_element.html
Build info: version: &apos;3.141.59&apos;, revision: &apos;e82be7d358&apos;, time: &apos;2018-11-14T08:17:03&apos;
System info: host: &apos;MacBook-Air-163.hsd1.ca.comcast.net&apos;, ip: &apos;2601:646:8900:8f80:0:0:0:46fa%en0&apos;, os.name: &apos;Mac OS X&apos;, os.arch: &apos;x86_64&apos;, os.version: &apos;10.16&apos;, java.version: &apos;15.0.1&apos;
Driver info: org.openqa.selenium.chrome.ChromeDriver
Capabilities {acceptInsecureCerts: false, browserName: chrome, browserVersion: 129.0.6668.59, chrome: {chromedriverVersion: 129.0.6668.70 (df87d5cf12b1..., userDataDir: /var/folders/_l/9y0ldsps16q...}, fedcm:accounts: true, goog:chromeOptions: {debuggerAddress: localhost:64375}, javascriptEnabled: true, networkConnectionEnabled: false, pageLoadStrategy: normal, platform: MAC, platformName: MAC, proxy: Proxy(), setWindowRect: true, strictFileInteractability: false, timeouts: {implicit: 0, pageLoad: 300000, script: 30000}, unhandledPromptBehavior: dismiss and notify, webauthn:extension:credBlob: true, webauthn:extension:largeBlob: true, webauthn:extension:minPinLength: true, webauthn:extension:prf: true, webauthn:virtualAuthenticators: true}
Session ID: 2e0b379acb6d3fdff041c0dd8653f56c
*** Element info: {Using=xpath, value=//a[@href=&apos;/00U/c?md3=220&amp;md0=2024&apos;]}
	at org.openqa.selenium.remote.http.W3CHttpResponseCodec.createException(W3CHttpResponseCodec.java:187)
	at org.openqa.selenium.remote.http.W3CHttpResponseCodec.decode(W3CHttpResponseCodec.java:122)
	at org.openqa.selenium.remote.http.W3CHttpResponseCodec.decode(W3CHttpResponseCodec.java:49)
	at org.openqa.selenium.remote.HttpCommandExecutor.execute(HttpCommandExecutor.java:158)
	at org.openqa.selenium.remote.service.DriverCommandExecutor.execute(DriverCommandExecutor.java:83)
	at org.openqa.selenium.remote.RemoteWebDriver.execute(RemoteWebDriver.java:552)
	at org.openqa.selenium.remote.RemoteWebDriver.findElement(RemoteWebDriver.java:323)
	at org.openqa.selenium.remote.RemoteWebDriver.findElementByXPath(RemoteWebDriver.java:428)
	at org.openqa.selenium.By$ByXPath.findElement(By.java:353)
	at org.openqa.selenium.remote.RemoteWebDriver.findElement(RemoteWebDriver.java:315)
	at org.openqa.selenium.support.pagefactory.DefaultElementLocator.findElement(DefaultElementLocator.java:69)
	at org.openqa.selenium.support.pagefactory.internal.LocatingElementHandler.invoke(LocatingElementHandler.java:38)
	at com.sun.proxy.$Proxy12.click(Unknown Source)
	at com.training.pages.RandomScenariosPage.clickCurrDate(RandomScenariosPage.java:119)
	at com.training.testcases.RandomScenariosTest.blockEventCalendar(RandomScenariosTest.java:140)
... Removed 32 stack frames</div></td></tr></table><p class="totop"><a href="#summary">back to summary</a></p><h3 id="m32">com.training.testcases.RandomScenariosTest#blockRecurrence</h3><table class="result"><tr class="param"><th>Parameter #1</th><th>Parameter #2</th></tr><tr class="param stripe"><td>malavika@mst.com</td><td>jithesh@13</td></tr><tr><th colspan="2">Exception</th></tr><tr><td colspan="2"><div class="stacktrace">org.openqa.selenium.NoSuchElementException: no such element: Unable to locate element: {&quot;method&quot;:&quot;xpath&quot;,&quot;selector&quot;:&quot;//a[@href=&apos;/00U/c?md3=220&amp;md0=2024&apos;]&quot;}
  (Session info: chrome=129.0.6668.59)
For documentation on this error, please visit: https://www.seleniumhq.org/exceptions/no_such_element.html
Build info: version: &apos;3.141.59&apos;, revision: &apos;e82be7d358&apos;, time: &apos;2018-11-14T08:17:03&apos;
System info: host: &apos;MacBook-Air-163.hsd1.ca.comcast.net&apos;, ip: &apos;2601:646:8900:8f80:0:0:0:46fa%en0&apos;, os.name: &apos;Mac OS X&apos;, os.arch: &apos;x86_64&apos;, os.version: &apos;10.16&apos;, java.version: &apos;15.0.1&apos;
Driver info: org.openqa.selenium.chrome.ChromeDriver
Capabilities {acceptInsecureCerts: false, browserName: chrome, browserVersion: 129.0.6668.59, chrome: {chromedriverVersion: 129.0.6668.70 (df87d5cf12b1..., userDataDir: /var/folders/_l/9y0ldsps16q...}, fedcm:accounts: true, goog:chromeOptions: {debuggerAddress: localhost:64421}, javascriptEnabled: true, networkConnectionEnabled: false, pageLoadStrategy: normal, platform: MAC, platformName: MAC, proxy: Proxy(), setWindowRect: true, strictFileInteractability: false, timeouts: {implicit: 0, pageLoad: 300000, script: 30000}, unhandledPromptBehavior: dismiss and notify, webauthn:extension:credBlob: true, webauthn:extension:largeBlob: true, webauthn:extension:minPinLength: true, webauthn:extension:prf: true, webauthn:virtualAuthenticators: true}
Session ID: 1a9a35be8eda37ab8f959e5a2961dbbc
*** Element info: {Using=xpath, value=//a[@href=&apos;/00U/c?md3=220&amp;md0=2024&apos;]}
	at org.openqa.selenium.remote.http.W3CHttpResponseCodec.createException(W3CHttpResponseCodec.java:187)
	at org.openqa.selenium.remote.http.W3CHttpResponseCodec.decode(W3CHttpResponseCodec.java:122)
	at org.openqa.selenium.remote.http.W3CHttpResponseCodec.decode(W3CHttpResponseCodec.java:49)
	at org.openqa.selenium.remote.HttpCommandExecutor.execute(HttpCommandExecutor.java:158)
	at org.openqa.selenium.remote.service.DriverCommandExecutor.execute(DriverCommandExecutor.java:83)
	at org.openqa.selenium.remote.RemoteWebDriver.execute(RemoteWebDriver.java:552)
	at org.openqa.selenium.remote.RemoteWebDriver.findElement(RemoteWebDriver.java:323)
	at org.openqa.selenium.remote.RemoteWebDriver.findElementByXPath(RemoteWebDriver.java:428)
	at org.openqa.selenium.By$ByXPath.findElement(By.java:353)
	at org.openqa.selenium.remote.RemoteWebDriver.findElement(RemoteWebDriver.java:315)
	at org.openqa.selenium.support.pagefactory.DefaultElementLocator.findElement(DefaultElementLocator.java:69)
	at org.openqa.selenium.support.pagefactory.internal.LocatingElementHandler.invoke(LocatingElementHandler.java:38)
	at com.sun.proxy.$Proxy12.click(Unknown Source)
	at com.training.pages.RandomScenariosPage.clickCurrDate(RandomScenariosPage.java:119)
	at com.training.testcases.RandomScenariosTest.blockRecurrence(RandomScenariosTest.java:165)
... Removed 32 stack frames</div></td></tr></table><p class="totop"><a href="#summary">back to summary</a></p><h3 id="m33">com.training.testcases.RandomScenariosTest#verifyEditedLastName</h3><table class="result"><tr class="param"><th>Parameter #1</th><th>Parameter #2</th></tr><tr class="param stripe"><td>malavika@mst.com</td><td>jithesh@13</td></tr><tr><th colspan="2">Exception</th></tr><tr><td colspan="2"><div class="stacktrace">org.openqa.selenium.NoSuchElementException: no such element: Unable to locate element: {&quot;method&quot;:&quot;xpath&quot;,&quot;selector&quot;:&quot;//a[text()=&apos;Malavika Sreedhar Tankala&apos;]&quot;}
  (Session info: chrome=129.0.6668.59)
For documentation on this error, please visit: https://www.seleniumhq.org/exceptions/no_such_element.html
Build info: version: &apos;3.141.59&apos;, revision: &apos;e82be7d358&apos;, time: &apos;2018-11-14T08:17:03&apos;
System info: host: &apos;MacBook-Air-163.hsd1.ca.comcast.net&apos;, ip: &apos;2601:646:8900:8f80:0:0:0:46fa%en0&apos;, os.name: &apos;Mac OS X&apos;, os.arch: &apos;x86_64&apos;, os.version: &apos;10.16&apos;, java.version: &apos;15.0.1&apos;
Driver info: org.openqa.selenium.chrome.ChromeDriver
Capabilities {acceptInsecureCerts: false, browserName: chrome, browserVersion: 129.0.6668.59, chrome: {chromedriverVersion: 129.0.6668.70 (df87d5cf12b1..., userDataDir: /var/folders/_l/9y0ldsps16q...}, fedcm:accounts: true, goog:chromeOptions: {debuggerAddress: localhost:64517}, javascriptEnabled: true, networkConnectionEnabled: false, pageLoadStrategy: normal, platform: MAC, platformName: MAC, proxy: Proxy(), setWindowRect: true, strictFileInteractability: false, timeouts: {implicit: 0, pageLoad: 300000, script: 30000}, unhandledPromptBehavior: dismiss and notify, webauthn:extension:credBlob: true, webauthn:extension:largeBlob: true, webauthn:extension:minPinLength: true, webauthn:extension:prf: true, webauthn:virtualAuthenticators: true}
Session ID: b96844fdbd381d7923c32f3747c91eb4
*** Element info: {Using=xpath, value=//a[text()=&apos;Malavika Sreedhar Tankala&apos;]}
	at org.openqa.selenium.remote.http.W3CHttpResponseCodec.createException(W3CHttpResponseCodec.java:187)
	at org.openqa.selenium.remote.http.W3CHttpResponseCodec.decode(W3CHttpResponseCodec.java:122)
	at org.openqa.selenium.remote.http.W3CHttpResponseCodec.decode(W3CHttpResponseCodec.java:49)
	at org.openqa.selenium.remote.HttpCommandExecutor.execute(HttpCommandExecutor.java:158)
	at org.openqa.selenium.remote.service.DriverCommandExecutor.execute(DriverCommandExecutor.java:83)
	at org.openqa.selenium.remote.RemoteWebDriver.execute(RemoteWebDriver.java:552)
	at org.openqa.selenium.remote.RemoteWebDriver.findElement(RemoteWebDriver.java:323)
	at org.openqa.selenium.remote.RemoteWebDriver.findElementByXPath(RemoteWebDriver.java:428)
	at org.openqa.selenium.By$ByXPath.findElement(By.java:353)
	at org.openqa.selenium.remote.RemoteWebDriver.findElement(RemoteWebDriver.java:315)
	at org.openqa.selenium.support.pagefactory.DefaultElementLocator.findElement(DefaultElementLocator.java:69)
	at org.openqa.selenium.support.pagefactory.internal.LocatingElementHandler.invoke(LocatingElementHandler.java:38)
	at com.sun.proxy.$Proxy12.click(Unknown Source)
	at com.training.pages.RandomScenariosPage.clickfnamelname(RandomScenariosPage.java:86)
	at com.training.testcases.RandomScenariosTest.verifyEditedLastName(RandomScenariosTest.java:79)
... Removed 32 stack frames</div></td></tr></table><p class="totop"><a href="#summary">back to summary</a></p><h3 id="m34">com.training.testcases.RandomScenariosTest#verifyTabCustomization</h3><table class="result"><tr class="param"><th>Parameter #1</th><th>Parameter #2</th></tr><tr class="param stripe"><td>malavika@mst.com</td><td>jithesh@13</td></tr><tr><th colspan="2">Exception</th></tr><tr><td colspan="2"><div class="stacktrace">org.openqa.selenium.NoSuchElementException: Cannot locate element with text: Subscriptions
For documentation on this error, please visit: https://www.seleniumhq.org/exceptions/no_such_element.html
Build info: version: &apos;3.141.59&apos;, revision: &apos;e82be7d358&apos;, time: &apos;2018-11-14T08:17:03&apos;
System info: host: &apos;MacBook-Air-163.hsd1.ca.comcast.net&apos;, ip: &apos;2601:646:8900:8f80:0:0:0:46fa%en0&apos;, os.name: &apos;Mac OS X&apos;, os.arch: &apos;x86_64&apos;, os.version: &apos;10.16&apos;, java.version: &apos;15.0.1&apos;
Driver info: driver.version: unknown
	at org.openqa.selenium.support.ui.Select.selectByVisibleText(Select.java:147)
	at com.training.pages.RandomScenariosPage.selectTabtoRemove(RandomScenariosPage.java:66)
	at com.training.testcases.RandomScenariosTest.verifyTabCustomization(RandomScenariosTest.java:105)
... Removed 27 stack frames</div></td></tr></table><p class="totop"><a href="#summary">back to summary</a></p><h3 id="m35">com.training.testcases.RandomScenariosTest#createNewAccount</h3><table class="result"><tr class="param"><th>Parameter #1</th><th>Parameter #2</th></tr><tr class="param stripe"><td>malavika@mst.com</td><td>jithesh@13</td></tr></table><p class="totop"><a href="#summary">back to summary</a></p></body></html>