<?xml version="1.0" encoding="UTF-8"?>
<testng-results total="29" passed="20" failed="6" skipped="3">
  <reporter-output>
  </reporter-output>
  <suite started-at="2024-09-25T20:10:20Z" name="Automation" finished-at="2024-09-25T20:22:07Z" duration-ms="706888">
    <groups>
    </groups>
    <test started-at="2024-09-25T20:10:20Z" name="login" finished-at="2024-09-25T20:10:53Z" duration-ms="32807">
      <class name="com.training.testcases.LoginTest">
        <test-method is-config="true" signature="beforeMethod()[pri:0, instance:com.training.testcases.LoginTest@3ce1e309]" started-at="2024-09-25T13:10:20Z" name="beforeMethod" finished-at="2024-09-25T13:10:29Z" duration-ms="8580" status="PASS">
          <reporter-output>
          </reporter-output>
        </test-method> <!-- beforeMethod -->
        <test-method signature="validatelogin(java.lang.String, java.lang.String)[pri:2, instance:com.training.testcases.LoginTest@3ce1e309]" started-at="2024-09-25T13:10:29Z" name="validatelogin" finished-at="2024-09-25T13:10:51Z" duration-ms="21840" status="PASS">
          <params>
            <param index="0">
              <value>
                <![CDATA[malavika@mst.com]]>
              </value>
            </param>
            <param index="1">
              <value>
                <![CDATA[jithesh@13]]>
              </value>
            </param>
          </params>
          <reporter-output>
          </reporter-output>
        </test-method> <!-- validatelogin -->
        <test-method is-config="true" signature="teardown()[pri:0, instance:com.training.testcases.LoginTest@3ce1e309]" started-at="2024-09-25T13:10:51Z" name="teardown" finished-at="2024-09-25T13:10:53Z" duration-ms="2361" status="PASS">
          <reporter-output>
          </reporter-output>
        </test-method> <!-- teardown -->
      </class> <!-- com.training.testcases.LoginTest -->
    </test> <!-- login -->
    <test started-at="2024-09-25T20:10:54Z" name="Account" finished-at="2024-09-25T20:13:21Z" duration-ms="147405">
      <class name="com.training.testcases.AccountTest">
        <test-method is-config="true" signature="beforeMethod()[pri:0, instance:com.training.testcases.AccountTest@52bf72b5]" started-at="2024-09-25T13:10:54Z" name="beforeMethod" finished-at="2024-09-25T13:11:00Z" duration-ms="6507" status="PASS">
          <reporter-output>
          </reporter-output>
        </test-method> <!-- beforeMethod -->
        <test-method signature="createAccountReport(java.lang.String, java.lang.String, java.lang.String, java.lang.String, java.lang.String)[pri:0, instance:com.training.testcases.AccountTest@52bf72b5]" started-at="2024-09-25T13:11:00Z" name="createAccountReport" finished-at="2024-09-25T13:11:39Z" duration-ms="38667" status="PASS">
          <params>
            <param index="0">
              <value>
                <![CDATA[malavika@mst.com]]>
              </value>
            </param>
            <param index="1">
              <value>
                <![CDATA[jithesh@13]]>
              </value>
            </param>
            <param index="2">
              <value>
                <![CDATA[ViewSeven]]>
              </value>
            </param>
            <param index="3">
              <value>
                <![CDATA[ViewSix]]>
              </value>
            </param>
            <param index="4">
              <value>
                <![CDATA[ReportSeven]]>
              </value>
            </param>
          </params>
          <reporter-output>
          </reporter-output>
        </test-method> <!-- createAccountReport -->
        <test-method is-config="true" signature="teardown()[pri:0, instance:com.training.testcases.AccountTest@52bf72b5]" started-at="2024-09-25T13:11:39Z" name="teardown" finished-at="2024-09-25T13:11:40Z" duration-ms="529" status="PASS">
          <reporter-output>
          </reporter-output>
        </test-method> <!-- teardown -->
        <test-method is-config="true" signature="beforeMethod()[pri:0, instance:com.training.testcases.AccountTest@52bf72b5]" started-at="2024-09-25T13:11:40Z" name="beforeMethod" finished-at="2024-09-25T13:11:46Z" duration-ms="5972" status="PASS">
          <reporter-output>
          </reporter-output>
        </test-method> <!-- beforeMethod -->
        <test-method signature="createNewAccount(java.lang.String, java.lang.String, java.lang.String)[pri:0, instance:com.training.testcases.AccountTest@52bf72b5]" started-at="2024-09-25T13:11:46Z" name="createNewAccount" finished-at="2024-09-25T13:12:08Z" duration-ms="22270" status="PASS">
          <params>
            <param index="0">
              <value>
                <![CDATA[malavika@mst.com]]>
              </value>
            </param>
            <param index="1">
              <value>
                <![CDATA[jithesh@13]]>
              </value>
            </param>
            <param index="2">
              <value>
                <![CDATA[Ayaan]]>
              </value>
            </param>
          </params>
          <reporter-output>
          </reporter-output>
        </test-method> <!-- createNewAccount -->
        <test-method is-config="true" signature="teardown()[pri:0, instance:com.training.testcases.AccountTest@52bf72b5]" started-at="2024-09-25T13:12:08Z" name="teardown" finished-at="2024-09-25T13:12:11Z" duration-ms="2916" status="PASS">
          <reporter-output>
          </reporter-output>
        </test-method> <!-- teardown -->
        <test-method is-config="true" signature="beforeMethod()[pri:0, instance:com.training.testcases.AccountTest@52bf72b5]" started-at="2024-09-25T13:12:11Z" name="beforeMethod" finished-at="2024-09-25T13:12:17Z" duration-ms="6392" status="PASS">
          <reporter-output>
          </reporter-output>
        </test-method> <!-- beforeMethod -->
        <test-method signature="createNewView(java.lang.String, java.lang.String, java.lang.String, java.lang.String)[pri:0, instance:com.training.testcases.AccountTest@52bf72b5]" started-at="2024-09-25T13:12:17Z" name="createNewView" finished-at="2024-09-25T13:12:43Z" duration-ms="25830" status="PASS">
          <params>
            <param index="0">
              <value>
                <![CDATA[malavika@mst.com]]>
              </value>
            </param>
            <param index="1">
              <value>
                <![CDATA[jithesh@13]]>
              </value>
            </param>
            <param index="2">
              <value>
                <![CDATA[ViewSeven]]>
              </value>
            </param>
            <param index="3">
              <value>
                <![CDATA[ViewSix]]>
              </value>
            </param>
          </params>
          <reporter-output>
          </reporter-output>
        </test-method> <!-- createNewView -->
        <test-method is-config="true" signature="teardown()[pri:0, instance:com.training.testcases.AccountTest@52bf72b5]" started-at="2024-09-25T13:12:43Z" name="teardown" finished-at="2024-09-25T13:12:43Z" duration-ms="457" status="PASS">
          <reporter-output>
          </reporter-output>
        </test-method> <!-- teardown -->
        <test-method is-config="true" signature="beforeMethod()[pri:0, instance:com.training.testcases.AccountTest@52bf72b5]" started-at="2024-09-25T13:12:43Z" name="beforeMethod" finished-at="2024-09-25T13:12:50Z" duration-ms="6343" status="PASS">
          <reporter-output>
          </reporter-output>
        </test-method> <!-- beforeMethod -->
        <test-method signature="editView(java.lang.String, java.lang.String, java.lang.String, java.lang.String, java.lang.String)[pri:0, instance:com.training.testcases.AccountTest@52bf72b5]" started-at="2024-09-25T13:12:50Z" name="editView" finished-at="2024-09-25T13:13:00Z" duration-ms="10184" status="FAIL">
          <params>
            <param index="0">
              <value>
                <![CDATA[malavika@mst.com]]>
              </value>
            </param>
            <param index="1">
              <value>
                <![CDATA[jithesh@13]]>
              </value>
            </param>
            <param index="2">
              <value>
                <![CDATA[ViewSeven]]>
              </value>
            </param>
            <param index="3">
              <value>
                <![CDATA[ViewSix]]>
              </value>
            </param>
            <param index="4">
              <value>
                <![CDATA[ViewSEVEN]]>
              </value>
            </param>
          </params>
          <exception class="org.openqa.selenium.NoSuchElementException">
            <message>
              <![CDATA[Cannot locate element with text: ViewSeven
For documentation on this error, please visit: https://www.seleniumhq.org/exceptions/no_such_element.html
Build info: version: '3.141.59', revision: 'e82be7d358', time: '2018-11-14T08:17:03'
System info: host: 'MacBook-Air-163.hsd1.ca.comcast.net', ip: '2601:646:8900:8f80:0:0:0:46fa%en0', os.name: 'Mac OS X', os.arch: 'x86_64', os.version: '10.16', java.version: '15.0.1'
Driver info: driver.version: unknown]]>
            </message>
            <full-stacktrace>
              <![CDATA[org.openqa.selenium.NoSuchElementException: Cannot locate element with text: ViewSeven
For documentation on this error, please visit: https://www.seleniumhq.org/exceptions/no_such_element.html
Build info: version: '3.141.59', revision: 'e82be7d358', time: '2018-11-14T08:17:03'
System info: host: 'MacBook-Air-163.hsd1.ca.comcast.net', ip: '2601:646:8900:8f80:0:0:0:46fa%en0', os.name: 'Mac OS X', os.arch: 'x86_64', os.version: '10.16', java.version: '15.0.1'
Driver info: driver.version: unknown
	at org.openqa.selenium.support.ui.Select.selectByVisibleText(Select.java:147)
	at com.training.pages.AccountPage.selectEditView(AccountPage.java:177)
	at com.training.testcases.AccountTest.editView(AccountTest.java:121)
	at java.base/jdk.internal.reflect.NativeMethodAccessorImpl.invoke0(Native Method)
	at java.base/jdk.internal.reflect.NativeMethodAccessorImpl.invoke(NativeMethodAccessorImpl.java:64)
	at java.base/jdk.internal.reflect.DelegatingMethodAccessorImpl.invoke(DelegatingMethodAccessorImpl.java:43)
	at java.base/java.lang.reflect.Method.invoke(Method.java:564)
	at org.testng.internal.MethodInvocationHelper.invokeMethod(MethodInvocationHelper.java:85)
	at org.testng.internal.Invoker.invokeMethod(Invoker.java:639)
	at org.testng.internal.Invoker.invokeTestMethod(Invoker.java:816)
	at org.testng.internal.Invoker.invokeTestMethods(Invoker.java:1124)
	at org.testng.internal.TestMethodWorker.invokeTestMethods(TestMethodWorker.java:125)
	at org.testng.internal.TestMethodWorker.run(TestMethodWorker.java:108)
	at org.testng.TestRunner.privateRun(TestRunner.java:774)
	at org.testng.TestRunner.run(TestRunner.java:624)
	at org.testng.SuiteRunner.runTest(SuiteRunner.java:359)
	at org.testng.SuiteRunner.runSequentially(SuiteRunner.java:354)
	at org.testng.SuiteRunner.privateRun(SuiteRunner.java:312)
	at org.testng.SuiteRunner.run(SuiteRunner.java:261)
	at org.testng.SuiteRunnerWorker.runSuite(SuiteRunnerWorker.java:52)
	at org.testng.SuiteRunnerWorker.run(SuiteRunnerWorker.java:86)
	at org.testng.TestNG.runSuitesSequentially(TestNG.java:1215)
	at org.testng.TestNG.runSuitesLocally(TestNG.java:1140)
	at org.testng.TestNG.run(TestNG.java:1048)
	at org.apache.maven.surefire.testng.TestNGExecutor.run(TestNGExecutor.java:281)
	at org.apache.maven.surefire.testng.TestNGXmlTestSuite.execute(TestNGXmlTestSuite.java:75)
	at org.apache.maven.surefire.testng.TestNGProvider.invoke(TestNGProvider.java:121)
	at org.apache.maven.surefire.booter.ForkedBooter.invokeProviderInSameClassLoader(ForkedBooter.java:290)
	at org.apache.maven.surefire.booter.ForkedBooter.runSuitesInProcess(ForkedBooter.java:242)
	at org.apache.maven.surefire.booter.ForkedBooter.main(ForkedBooter.java:121)
]]>
            </full-stacktrace>
          </exception> <!-- org.openqa.selenium.NoSuchElementException -->
          <reporter-output>
          </reporter-output>
        </test-method> <!-- editView -->
        <test-method is-config="true" signature="teardown()[pri:0, instance:com.training.testcases.AccountTest@52bf72b5]" started-at="2024-09-25T13:13:00Z" name="teardown" finished-at="2024-09-25T13:13:00Z" duration-ms="389" status="PASS">
          <reporter-output>
          </reporter-output>
        </test-method> <!-- teardown -->
        <test-method is-config="true" signature="beforeMethod()[pri:0, instance:com.training.testcases.AccountTest@52bf72b5]" started-at="2024-09-25T13:13:00Z" name="beforeMethod" finished-at="2024-09-25T13:13:07Z" duration-ms="6206" status="PASS">
          <reporter-output>
          </reporter-output>
        </test-method> <!-- beforeMethod -->
        <test-method signature="mergeAccounts(java.lang.String, java.lang.String)[pri:0, instance:com.training.testcases.AccountTest@52bf72b5]" started-at="2024-09-25T13:13:07Z" name="mergeAccounts" finished-at="2024-09-25T13:13:21Z" duration-ms="14342" status="FAIL">
          <params>
            <param index="0">
              <value>
                <![CDATA[malavika@mst.com]]>
              </value>
            </param>
            <param index="1">
              <value>
                <![CDATA[jithesh@13]]>
              </value>
            </param>
          </params>
          <exception class="org.openqa.selenium.NoSuchElementException">
            <message>
              <![CDATA[no such element: Unable to locate element: {"method":"xpath","selector":"//input[@name='save']"}
  (Session info: chrome=129.0.6668.59)
For documentation on this error, please visit: https://www.seleniumhq.org/exceptions/no_such_element.html
Build info: version: '3.141.59', revision: 'e82be7d358', time: '2018-11-14T08:17:03'
System info: host: 'MacBook-Air-163.hsd1.ca.comcast.net', ip: '2601:646:8900:8f80:0:0:0:46fa%en0', os.name: 'Mac OS X', os.arch: 'x86_64', os.version: '10.16', java.version: '15.0.1'
Driver info: org.openqa.selenium.chrome.ChromeDriver
Capabilities {acceptInsecureCerts: false, browserName: chrome, browserVersion: 129.0.6668.59, chrome: {chromedriverVersion: 129.0.6668.70 (df87d5cf12b1..., userDataDir: /var/folders/_l/9y0ldsps16q...}, fedcm:accounts: true, goog:chromeOptions: {debuggerAddress: localhost:63543}, javascriptEnabled: true, networkConnectionEnabled: false, pageLoadStrategy: normal, platform: MAC, platformName: MAC, proxy: Proxy(), setWindowRect: true, strictFileInteractability: false, timeouts: {implicit: 0, pageLoad: 300000, script: 30000}, unhandledPromptBehavior: dismiss and notify, webauthn:extension:credBlob: true, webauthn:extension:largeBlob: true, webauthn:extension:minPinLength: true, webauthn:extension:prf: true, webauthn:virtualAuthenticators: true}
Session ID: f732a182438c3c92109bdf433a0d1b73
*** Element info: {Using=xpath, value=//input[@name='save']}]]>
            </message>
            <full-stacktrace>
              <![CDATA[org.openqa.selenium.NoSuchElementException: no such element: Unable to locate element: {"method":"xpath","selector":"//input[@name='save']"}
  (Session info: chrome=129.0.6668.59)
For documentation on this error, please visit: https://www.seleniumhq.org/exceptions/no_such_element.html
Build info: version: '3.141.59', revision: 'e82be7d358', time: '2018-11-14T08:17:03'
System info: host: 'MacBook-Air-163.hsd1.ca.comcast.net', ip: '2601:646:8900:8f80:0:0:0:46fa%en0', os.name: 'Mac OS X', os.arch: 'x86_64', os.version: '10.16', java.version: '15.0.1'
Driver info: org.openqa.selenium.chrome.ChromeDriver
Capabilities {acceptInsecureCerts: false, browserName: chrome, browserVersion: 129.0.6668.59, chrome: {chromedriverVersion: 129.0.6668.70 (df87d5cf12b1..., userDataDir: /var/folders/_l/9y0ldsps16q...}, fedcm:accounts: true, goog:chromeOptions: {debuggerAddress: localhost:63543}, javascriptEnabled: true, networkConnectionEnabled: false, pageLoadStrategy: normal, platform: MAC, platformName: MAC, proxy: Proxy(), setWindowRect: true, strictFileInteractability: false, timeouts: {implicit: 0, pageLoad: 300000, script: 30000}, unhandledPromptBehavior: dismiss and notify, webauthn:extension:credBlob: true, webauthn:extension:largeBlob: true, webauthn:extension:minPinLength: true, webauthn:extension:prf: true, webauthn:virtualAuthenticators: true}
Session ID: f732a182438c3c92109bdf433a0d1b73
*** Element info: {Using=xpath, value=//input[@name='save']}
	at java.base/jdk.internal.reflect.NativeConstructorAccessorImpl.newInstance0(Native Method)
	at java.base/jdk.internal.reflect.NativeConstructorAccessorImpl.newInstance(NativeConstructorAccessorImpl.java:64)
	at java.base/jdk.internal.reflect.DelegatingConstructorAccessorImpl.newInstance(DelegatingConstructorAccessorImpl.java:45)
	at java.base/java.lang.reflect.Constructor.newInstanceWithCaller(Constructor.java:500)
	at java.base/java.lang.reflect.Constructor.newInstance(Constructor.java:481)
	at org.openqa.selenium.remote.http.W3CHttpResponseCodec.createException(W3CHttpResponseCodec.java:187)
	at org.openqa.selenium.remote.http.W3CHttpResponseCodec.decode(W3CHttpResponseCodec.java:122)
	at org.openqa.selenium.remote.http.W3CHttpResponseCodec.decode(W3CHttpResponseCodec.java:49)
	at org.openqa.selenium.remote.HttpCommandExecutor.execute(HttpCommandExecutor.java:158)
	at org.openqa.selenium.remote.service.DriverCommandExecutor.execute(DriverCommandExecutor.java:83)
	at org.openqa.selenium.remote.RemoteWebDriver.execute(RemoteWebDriver.java:552)
	at org.openqa.selenium.remote.RemoteWebDriver.findElement(RemoteWebDriver.java:323)
	at org.openqa.selenium.remote.RemoteWebDriver.findElementByXPath(RemoteWebDriver.java:428)
	at org.openqa.selenium.By$ByXPath.findElement(By.java:353)
	at org.openqa.selenium.remote.RemoteWebDriver.findElement(RemoteWebDriver.java:315)
	at org.openqa.selenium.support.pagefactory.DefaultElementLocator.findElement(DefaultElementLocator.java:69)
	at org.openqa.selenium.support.pagefactory.internal.LocatingElementHandler.invoke(LocatingElementHandler.java:38)
	at com.sun.proxy.$Proxy12.click(Unknown Source)
	at com.training.pages.AccountPage.clickMergeAcc(AccountPage.java:278)
	at com.training.testcases.AccountTest.mergeAccounts(AccountTest.java:152)
	at java.base/jdk.internal.reflect.NativeMethodAccessorImpl.invoke0(Native Method)
	at java.base/jdk.internal.reflect.NativeMethodAccessorImpl.invoke(NativeMethodAccessorImpl.java:64)
	at java.base/jdk.internal.reflect.DelegatingMethodAccessorImpl.invoke(DelegatingMethodAccessorImpl.java:43)
	at java.base/java.lang.reflect.Method.invoke(Method.java:564)
	at org.testng.internal.MethodInvocationHelper.invokeMethod(MethodInvocationHelper.java:85)
	at org.testng.internal.Invoker.invokeMethod(Invoker.java:639)
	at org.testng.internal.Invoker.invokeTestMethod(Invoker.java:816)
	at org.testng.internal.Invoker.invokeTestMethods(Invoker.java:1124)
	at org.testng.internal.TestMethodWorker.invokeTestMethods(TestMethodWorker.java:125)
	at org.testng.internal.TestMethodWorker.run(TestMethodWorker.java:108)
	at org.testng.TestRunner.privateRun(TestRunner.java:774)
	at org.testng.TestRunner.run(TestRunner.java:624)
	at org.testng.SuiteRunner.runTest(SuiteRunner.java:359)
	at org.testng.SuiteRunner.runSequentially(SuiteRunner.java:354)
	at org.testng.SuiteRunner.privateRun(SuiteRunner.java:312)
	at org.testng.SuiteRunner.run(SuiteRunner.java:261)
	at org.testng.SuiteRunnerWorker.runSuite(SuiteRunnerWorker.java:52)
	at org.testng.SuiteRunnerWorker.run(SuiteRunnerWorker.java:86)
	at org.testng.TestNG.runSuitesSequentially(TestNG.java:1215)
	at org.testng.TestNG.runSuitesLocally(TestNG.java:1140)
	at org.testng.TestNG.run(TestNG.java:1048)
	at org.apache.maven.surefire.testng.TestNGExecutor.run(TestNGExecutor.java:281)
	at org.apache.maven.surefire.testng.TestNGXmlTestSuite.execute(TestNGXmlTestSuite.java:75)
	at org.apache.maven.surefire.testng.TestNGProvider.invoke(TestNGProvider.java:121)
	at org.apache.maven.surefire.booter.ForkedBooter.invokeProviderInSameClassLoader(ForkedBooter.java:290)
	at org.apache.maven.surefire.booter.ForkedBooter.runSuitesInProcess(ForkedBooter.java:242)
	at org.apache.maven.surefire.booter.ForkedBooter.main(ForkedBooter.java:121)
]]>
            </full-stacktrace>
          </exception> <!-- org.openqa.selenium.NoSuchElementException -->
          <reporter-output>
          </reporter-output>
        </test-method> <!-- mergeAccounts -->
        <test-method is-config="true" signature="teardown()[pri:0, instance:com.training.testcases.AccountTest@52bf72b5]" started-at="2024-09-25T13:13:21Z" name="teardown" finished-at="2024-09-25T13:13:21Z" duration-ms="357" status="PASS">
          <reporter-output>
          </reporter-output>
        </test-method> <!-- teardown -->
      </class> <!-- com.training.testcases.AccountTest -->
    </test> <!-- Account -->
    <test started-at="2024-09-25T20:13:22Z" name="Opportunity" finished-at="2024-09-25T20:15:27Z" duration-ms="125908">
      <class name="com.training.testcases.OpportunityTest">
        <test-method is-config="true" signature="beforeMethod()[pri:0, instance:com.training.testcases.OpportunityTest@72d1ad2e]" started-at="2024-09-25T13:13:22Z" name="beforeMethod" finished-at="2024-09-25T13:13:28Z" duration-ms="6351" status="PASS">
          <reporter-output>
          </reporter-output>
        </test-method> <!-- beforeMethod -->
        <test-method signature="CreateNewOpportunity(java.lang.String, java.lang.String, java.lang.String, java.lang.String)[pri:0, instance:com.training.testcases.OpportunityTest@72d1ad2e]" started-at="2024-09-25T13:13:28Z" name="CreateNewOpportunity" finished-at="2024-09-25T13:13:42Z" duration-ms="14536" status="PASS">
          <params>
            <param index="0">
              <value>
                <![CDATA[malavika@mst.com]]>
              </value>
            </param>
            <param index="1">
              <value>
                <![CDATA[jithesh@13]]>
              </value>
            </param>
            <param index="2">
              <value>
                <![CDATA[Opty5]]>
              </value>
            </param>
            <param index="3">
              <value>
                <![CDATA[Ayaan]]>
              </value>
            </param>
          </params>
          <reporter-output>
          </reporter-output>
        </test-method> <!-- CreateNewOpportunity -->
        <test-method is-config="true" signature="teardown()[pri:0, instance:com.training.testcases.OpportunityTest@72d1ad2e]" started-at="2024-09-25T13:13:42Z" name="teardown" finished-at="2024-09-25T13:13:43Z" duration-ms="614" status="PASS">
          <reporter-output>
          </reporter-output>
        </test-method> <!-- teardown -->
        <test-method is-config="true" signature="beforeMethod()[pri:0, instance:com.training.testcases.OpportunityTest@72d1ad2e]" started-at="2024-09-25T13:13:43Z" name="beforeMethod" finished-at="2024-09-25T13:13:49Z" duration-ms="6166" status="PASS">
          <reporter-output>
          </reporter-output>
        </test-method> <!-- beforeMethod -->
        <test-method signature="OpportunitiesDropdown(java.lang.String, java.lang.String)[pri:0, instance:com.training.testcases.OpportunityTest@72d1ad2e]" started-at="2024-09-25T13:13:49Z" name="OpportunitiesDropdown" finished-at="2024-09-25T13:14:15Z" duration-ms="25822" status="PASS">
          <params>
            <param index="0">
              <value>
                <![CDATA[malavika@mst.com]]>
              </value>
            </param>
            <param index="1">
              <value>
                <![CDATA[jithesh@13]]>
              </value>
            </param>
          </params>
          <reporter-output>
          </reporter-output>
        </test-method> <!-- OpportunitiesDropdown -->
        <test-method is-config="true" signature="teardown()[pri:0, instance:com.training.testcases.OpportunityTest@72d1ad2e]" started-at="2024-09-25T13:14:15Z" name="teardown" finished-at="2024-09-25T13:14:16Z" duration-ms="1407" status="PASS">
          <reporter-output>
          </reporter-output>
        </test-method> <!-- teardown -->
        <test-method is-config="true" signature="beforeMethod()[pri:0, instance:com.training.testcases.OpportunityTest@72d1ad2e]" started-at="2024-09-25T13:14:16Z" name="beforeMethod" finished-at="2024-09-25T13:14:23Z" duration-ms="6516" status="PASS">
          <reporter-output>
          </reporter-output>
        </test-method> <!-- beforeMethod -->
        <test-method signature="OpportunitiesPipeline(java.lang.String, java.lang.String)[pri:0, instance:com.training.testcases.OpportunityTest@72d1ad2e]" started-at="2024-09-25T13:14:23Z" name="OpportunitiesPipeline" finished-at="2024-09-25T13:14:48Z" duration-ms="25222" status="PASS">
          <params>
            <param index="0">
              <value>
                <![CDATA[malavika@mst.com]]>
              </value>
            </param>
            <param index="1">
              <value>
                <![CDATA[jithesh@13]]>
              </value>
            </param>
          </params>
          <reporter-output>
          </reporter-output>
        </test-method> <!-- OpportunitiesPipeline -->
        <test-method is-config="true" signature="teardown()[pri:0, instance:com.training.testcases.OpportunityTest@72d1ad2e]" started-at="2024-09-25T13:14:48Z" name="teardown" finished-at="2024-09-25T13:14:49Z" duration-ms="731" status="PASS">
          <reporter-output>
          </reporter-output>
        </test-method> <!-- teardown -->
        <test-method is-config="true" signature="beforeMethod()[pri:0, instance:com.training.testcases.OpportunityTest@72d1ad2e]" started-at="2024-09-25T13:14:49Z" name="beforeMethod" finished-at="2024-09-25T13:14:55Z" duration-ms="6339" status="PASS">
          <reporter-output>
          </reporter-output>
        </test-method> <!-- beforeMethod -->
        <test-method signature="QSummaryReport(java.lang.String, java.lang.String)[pri:0, instance:com.training.testcases.OpportunityTest@72d1ad2e]" started-at="2024-09-25T13:14:55Z" name="QSummaryReport" finished-at="2024-09-25T13:15:08Z" duration-ms="12373" status="PASS">
          <params>
            <param index="0">
              <value>
                <![CDATA[malavika@mst.com]]>
              </value>
            </param>
            <param index="1">
              <value>
                <![CDATA[jithesh@13]]>
              </value>
            </param>
          </params>
          <reporter-output>
          </reporter-output>
        </test-method> <!-- QSummaryReport -->
        <test-method is-config="true" signature="teardown()[pri:0, instance:com.training.testcases.OpportunityTest@72d1ad2e]" started-at="2024-09-25T13:15:08Z" name="teardown" finished-at="2024-09-25T13:15:09Z" duration-ms="1082" status="PASS">
          <reporter-output>
          </reporter-output>
        </test-method> <!-- teardown -->
        <test-method is-config="true" signature="beforeMethod()[pri:0, instance:com.training.testcases.OpportunityTest@72d1ad2e]" started-at="2024-09-25T13:15:09Z" name="beforeMethod" finished-at="2024-09-25T13:15:15Z" duration-ms="6260" status="PASS">
          <reporter-output>
          </reporter-output>
        </test-method> <!-- beforeMethod -->
        <test-method signature="StuckOpportunities(java.lang.String, java.lang.String)[pri:0, instance:com.training.testcases.OpportunityTest@72d1ad2e]" started-at="2024-09-25T13:15:15Z" name="StuckOpportunities" finished-at="2024-09-25T13:15:27Z" duration-ms="12059" status="PASS">
          <params>
            <param index="0">
              <value>
                <![CDATA[malavika@mst.com]]>
              </value>
            </param>
            <param index="1">
              <value>
                <![CDATA[jithesh@13]]>
              </value>
            </param>
          </params>
          <reporter-output>
          </reporter-output>
        </test-method> <!-- StuckOpportunities -->
        <test-method is-config="true" signature="teardown()[pri:0, instance:com.training.testcases.OpportunityTest@72d1ad2e]" started-at="2024-09-25T13:15:27Z" name="teardown" finished-at="2024-09-25T13:15:27Z" duration-ms="417" status="PASS">
          <reporter-output>
          </reporter-output>
        </test-method> <!-- teardown -->
      </class> <!-- com.training.testcases.OpportunityTest -->
    </test> <!-- Opportunity -->
    <test started-at="2024-09-25T20:15:28Z" name="Leads" finished-at="2024-09-25T20:16:33Z" duration-ms="65351">
      <class name="com.training.testcases.LeadsTest">
        <test-method is-config="true" signature="beforeMethod()[pri:0, instance:com.training.testcases.LeadsTest@16d04d3d]" started-at="2024-09-25T13:15:28Z" name="beforeMethod" finished-at="2024-09-25T13:15:34Z" duration-ms="6127" status="PASS">
          <reporter-output>
          </reporter-output>
        </test-method> <!-- beforeMethod -->
        <test-method signature="GoToLeads(java.lang.String, java.lang.String)[pri:0, instance:com.training.testcases.LeadsTest@16d04d3d]" started-at="2024-09-25T13:15:34Z" name="GoToLeads" finished-at="2024-09-25T13:15:44Z" duration-ms="10106" status="PASS">
          <params>
            <param index="0">
              <value>
                <![CDATA[malavika@mst.com]]>
              </value>
            </param>
            <param index="1">
              <value>
                <![CDATA[jithesh@13]]>
              </value>
            </param>
          </params>
          <reporter-output>
          </reporter-output>
        </test-method> <!-- GoToLeads -->
        <test-method is-config="true" signature="teardown()[pri:0, instance:com.training.testcases.LeadsTest@16d04d3d]" started-at="2024-09-25T13:15:44Z" name="teardown" finished-at="2024-09-25T13:15:44Z" duration-ms="347" status="PASS">
          <reporter-output>
          </reporter-output>
        </test-method> <!-- teardown -->
        <test-method is-config="true" signature="beforeMethod()[pri:0, instance:com.training.testcases.LeadsTest@16d04d3d]" started-at="2024-09-25T13:15:44Z" name="beforeMethod" finished-at="2024-09-25T13:15:50Z" duration-ms="6191" status="PASS">
          <reporter-output>
          </reporter-output>
        </test-method> <!-- beforeMethod -->
        <test-method signature="GoToLeadsDropDown(java.lang.String, java.lang.String)[pri:0, instance:com.training.testcases.LeadsTest@16d04d3d]" started-at="2024-09-25T13:15:50Z" name="GoToLeadsDropDown" finished-at="2024-09-25T13:16:13Z" duration-ms="22304" status="PASS">
          <params>
            <param index="0">
              <value>
                <![CDATA[malavika@mst.com]]>
              </value>
            </param>
            <param index="1">
              <value>
                <![CDATA[jithesh@13]]>
              </value>
            </param>
          </params>
          <reporter-output>
          </reporter-output>
        </test-method> <!-- GoToLeadsDropDown -->
        <test-method is-config="true" signature="teardown()[pri:0, instance:com.training.testcases.LeadsTest@16d04d3d]" started-at="2024-09-25T13:16:13Z" name="teardown" finished-at="2024-09-25T13:16:13Z" duration-ms="0" status="FAIL">
          <exception class="org.openqa.selenium.WebDriverException">
            <message>
              <![CDATA[unknown error: failed to close window in 20 seconds
  (Session info: chrome=129.0.6668.59)
Build info: version: '3.141.59', revision: 'e82be7d358', time: '2018-11-14T08:17:03'
System info: host: 'MacBook-Air-163.hsd1.ca.comcast.net', ip: '2601:646:8900:8f80:0:0:0:46fa%en0', os.name: 'Mac OS X', os.arch: 'x86_64', os.version: '10.16', java.version: '15.0.1'
Driver info: org.openqa.selenium.chrome.ChromeDriver
Capabilities {acceptInsecureCerts: false, browserName: chrome, browserVersion: 129.0.6668.59, chrome: {chromedriverVersion: 129.0.6668.70 (df87d5cf12b1..., userDataDir: /var/folders/_l/9y0ldsps16q...}, fedcm:accounts: true, goog:chromeOptions: {debuggerAddress: localhost:63910}, javascriptEnabled: true, networkConnectionEnabled: false, pageLoadStrategy: normal, platform: MAC, platformName: MAC, proxy: Proxy(), setWindowRect: true, strictFileInteractability: false, timeouts: {implicit: 0, pageLoad: 300000, script: 30000}, unhandledPromptBehavior: dismiss and notify, webauthn:extension:credBlob: true, webauthn:extension:largeBlob: true, webauthn:extension:minPinLength: true, webauthn:extension:prf: true, webauthn:virtualAuthenticators: true}
Session ID: 7f94caec34e06f58289b7e1c6af6907e]]>
            </message>
            <full-stacktrace>
              <![CDATA[org.openqa.selenium.WebDriverException: unknown error: failed to close window in 20 seconds
  (Session info: chrome=129.0.6668.59)
Build info: version: '3.141.59', revision: 'e82be7d358', time: '2018-11-14T08:17:03'
System info: host: 'MacBook-Air-163.hsd1.ca.comcast.net', ip: '2601:646:8900:8f80:0:0:0:46fa%en0', os.name: 'Mac OS X', os.arch: 'x86_64', os.version: '10.16', java.version: '15.0.1'
Driver info: org.openqa.selenium.chrome.ChromeDriver
Capabilities {acceptInsecureCerts: false, browserName: chrome, browserVersion: 129.0.6668.59, chrome: {chromedriverVersion: 129.0.6668.70 (df87d5cf12b1..., userDataDir: /var/folders/_l/9y0ldsps16q...}, fedcm:accounts: true, goog:chromeOptions: {debuggerAddress: localhost:63910}, javascriptEnabled: true, networkConnectionEnabled: false, pageLoadStrategy: normal, platform: MAC, platformName: MAC, proxy: Proxy(), setWindowRect: true, strictFileInteractability: false, timeouts: {implicit: 0, pageLoad: 300000, script: 30000}, unhandledPromptBehavior: dismiss and notify, webauthn:extension:credBlob: true, webauthn:extension:largeBlob: true, webauthn:extension:minPinLength: true, webauthn:extension:prf: true, webauthn:virtualAuthenticators: true}
Session ID: 7f94caec34e06f58289b7e1c6af6907e
	at java.base/jdk.internal.reflect.NativeConstructorAccessorImpl.newInstance0(Native Method)
	at java.base/jdk.internal.reflect.NativeConstructorAccessorImpl.newInstance(NativeConstructorAccessorImpl.java:64)
	at java.base/jdk.internal.reflect.DelegatingConstructorAccessorImpl.newInstance(DelegatingConstructorAccessorImpl.java:45)
	at java.base/java.lang.reflect.Constructor.newInstanceWithCaller(Constructor.java:500)
	at java.base/java.lang.reflect.Constructor.newInstance(Constructor.java:481)
	at org.openqa.selenium.remote.http.W3CHttpResponseCodec.createException(W3CHttpResponseCodec.java:187)
	at org.openqa.selenium.remote.http.W3CHttpResponseCodec.decode(W3CHttpResponseCodec.java:122)
	at org.openqa.selenium.remote.http.W3CHttpResponseCodec.decode(W3CHttpResponseCodec.java:49)
	at org.openqa.selenium.remote.HttpCommandExecutor.execute(HttpCommandExecutor.java:158)
	at org.openqa.selenium.remote.service.DriverCommandExecutor.execute(DriverCommandExecutor.java:83)
	at org.openqa.selenium.remote.RemoteWebDriver.execute(RemoteWebDriver.java:552)
	at org.openqa.selenium.remote.RemoteWebDriver.execute(RemoteWebDriver.java:609)
	at org.openqa.selenium.remote.RemoteWebDriver.close(RemoteWebDriver.java:442)
	at com.training.base.BaseTest.close(BaseTest.java:35)
	at com.training.testcases.LeadsTest.teardown(LeadsTest.java:167)
	at java.base/jdk.internal.reflect.NativeMethodAccessorImpl.invoke0(Native Method)
	at java.base/jdk.internal.reflect.NativeMethodAccessorImpl.invoke(NativeMethodAccessorImpl.java:64)
	at java.base/jdk.internal.reflect.DelegatingMethodAccessorImpl.invoke(DelegatingMethodAccessorImpl.java:43)
	at java.base/java.lang.reflect.Method.invoke(Method.java:564)
	at org.testng.internal.MethodInvocationHelper.invokeMethod(MethodInvocationHelper.java:85)
	at org.testng.internal.Invoker.invokeConfigurationMethod(Invoker.java:510)
	at org.testng.internal.Invoker.invokeConfigurations(Invoker.java:211)
	at org.testng.internal.Invoker.invokeMethod(Invoker.java:703)
	at org.testng.internal.Invoker.invokeTestMethod(Invoker.java:816)
	at org.testng.internal.Invoker.invokeTestMethods(Invoker.java:1124)
	at org.testng.internal.TestMethodWorker.invokeTestMethods(TestMethodWorker.java:125)
	at org.testng.internal.TestMethodWorker.run(TestMethodWorker.java:108)
	at org.testng.TestRunner.privateRun(TestRunner.java:774)
	at org.testng.TestRunner.run(TestRunner.java:624)
	at org.testng.SuiteRunner.runTest(SuiteRunner.java:359)
	at org.testng.SuiteRunner.runSequentially(SuiteRunner.java:354)
	at org.testng.SuiteRunner.privateRun(SuiteRunner.java:312)
	at org.testng.SuiteRunner.run(SuiteRunner.java:261)
	at org.testng.SuiteRunnerWorker.runSuite(SuiteRunnerWorker.java:52)
	at org.testng.SuiteRunnerWorker.run(SuiteRunnerWorker.java:86)
	at org.testng.TestNG.runSuitesSequentially(TestNG.java:1215)
	at org.testng.TestNG.runSuitesLocally(TestNG.java:1140)
	at org.testng.TestNG.run(TestNG.java:1048)
	at org.apache.maven.surefire.testng.TestNGExecutor.run(TestNGExecutor.java:281)
	at org.apache.maven.surefire.testng.TestNGXmlTestSuite.execute(TestNGXmlTestSuite.java:75)
	at org.apache.maven.surefire.testng.TestNGProvider.invoke(TestNGProvider.java:121)
	at org.apache.maven.surefire.booter.ForkedBooter.invokeProviderInSameClassLoader(ForkedBooter.java:290)
	at org.apache.maven.surefire.booter.ForkedBooter.runSuitesInProcess(ForkedBooter.java:242)
	at org.apache.maven.surefire.booter.ForkedBooter.main(ForkedBooter.java:121)
]]>
            </full-stacktrace>
          </exception> <!-- org.openqa.selenium.WebDriverException -->
          <reporter-output>
          </reporter-output>
        </test-method> <!-- teardown -->
        <test-method is-config="true" signature="beforeMethod()[pri:0, instance:com.training.testcases.LeadsTest@16d04d3d]" started-at="2024-09-25T13:16:33Z" name="beforeMethod" finished-at="2024-09-25T13:16:33Z" duration-ms="0" status="SKIP">
          <reporter-output>
          </reporter-output>
        </test-method> <!-- beforeMethod -->
        <test-method signature="createNewLead(java.lang.String, java.lang.String)[pri:0, instance:com.training.testcases.LeadsTest@16d04d3d]" started-at="2024-09-25T13:16:33Z" name="createNewLead" finished-at="2024-09-25T13:16:33Z" duration-ms="1" status="SKIP">
          <params>
            <param index="0">
              <value>
                <![CDATA[malavika@mst.com]]>
              </value>
            </param>
            <param index="1">
              <value>
                <![CDATA[jithesh@13]]>
              </value>
            </param>
          </params>
          <reporter-output>
          </reporter-output>
        </test-method> <!-- createNewLead -->
        <test-method is-config="true" signature="teardown()[pri:0, instance:com.training.testcases.LeadsTest@16d04d3d]" started-at="2024-09-25T13:16:33Z" name="teardown" finished-at="2024-09-25T13:16:33Z" duration-ms="0" status="SKIP">
          <reporter-output>
          </reporter-output>
        </test-method> <!-- teardown -->
        <test-method is-config="true" signature="teardown()[pri:0, instance:com.training.testcases.LeadsTest@16d04d3d]" started-at="2024-09-25T13:16:33Z" name="teardown" finished-at="2024-09-25T13:16:33Z" duration-ms="0" status="SKIP">
          <reporter-output>
          </reporter-output>
        </test-method> <!-- teardown -->
        <test-method is-config="true" signature="beforeMethod()[pri:0, instance:com.training.testcases.LeadsTest@16d04d3d]" started-at="2024-09-25T13:16:33Z" name="beforeMethod" finished-at="2024-09-25T13:16:33Z" duration-ms="0" status="SKIP">
          <reporter-output>
          </reporter-output>
        </test-method> <!-- beforeMethod -->
        <test-method signature="todaysLeads(java.lang.String, java.lang.String)[pri:0, instance:com.training.testcases.LeadsTest@16d04d3d]" started-at="2024-09-25T13:16:33Z" name="todaysLeads" finished-at="2024-09-25T13:16:33Z" duration-ms="0" status="SKIP">
          <params>
            <param index="0">
              <value>
                <![CDATA[malavika@mst.com]]>
              </value>
            </param>
            <param index="1">
              <value>
                <![CDATA[jithesh@13]]>
              </value>
            </param>
          </params>
          <reporter-output>
          </reporter-output>
        </test-method> <!-- todaysLeads -->
        <test-method signature="defaultView(java.lang.String, java.lang.String)[pri:0, instance:com.training.testcases.LeadsTest@16d04d3d]" started-at="2024-09-25T13:16:33Z" name="defaultView" finished-at="2024-09-25T13:16:33Z" duration-ms="0" status="SKIP">
          <params>
            <param index="0">
              <value>
                <![CDATA[malavika@mst.com]]>
              </value>
            </param>
            <param index="1">
              <value>
                <![CDATA[jithesh@13]]>
              </value>
            </param>
          </params>
          <reporter-output>
          </reporter-output>
        </test-method> <!-- defaultView -->
        <test-method is-config="true" signature="beforeMethod()[pri:0, instance:com.training.testcases.LeadsTest@16d04d3d]" started-at="2024-09-25T13:16:33Z" name="beforeMethod" finished-at="2024-09-25T13:16:33Z" duration-ms="0" status="SKIP">
          <reporter-output>
          </reporter-output>
        </test-method> <!-- beforeMethod -->
        <test-method is-config="true" signature="teardown()[pri:0, instance:com.training.testcases.LeadsTest@16d04d3d]" started-at="2024-09-25T13:16:33Z" name="teardown" finished-at="2024-09-25T13:16:33Z" duration-ms="0" status="SKIP">
          <reporter-output>
          </reporter-output>
        </test-method> <!-- teardown -->
      </class> <!-- com.training.testcases.LeadsTest -->
    </test> <!-- Leads -->
    <test started-at="2024-09-25T20:16:33Z" name="Contacts" finished-at="2024-09-25T20:20:05Z" duration-ms="212277">
      <class name="com.training.testcases.ContactsTest">
        <test-method is-config="true" signature="beforeMethod()[pri:0, instance:com.training.testcases.ContactsTest@57a3af25]" started-at="2024-09-25T13:16:33Z" name="beforeMethod" finished-at="2024-09-25T13:16:40Z" duration-ms="6602" status="PASS">
          <reporter-output>
          </reporter-output>
        </test-method> <!-- beforeMethod -->
        <test-method signature="createNewAccount(java.lang.String, java.lang.String)[pri:0, instance:com.training.testcases.ContactsTest@57a3af25]" started-at="2024-09-25T13:16:40Z" name="createNewAccount" finished-at="2024-09-25T13:17:06Z" duration-ms="26203" status="PASS">
          <params>
            <param index="0">
              <value>
                <![CDATA[malavika@mst.com]]>
              </value>
            </param>
            <param index="1">
              <value>
                <![CDATA[jithesh@13]]>
              </value>
            </param>
          </params>
          <reporter-output>
          </reporter-output>
        </test-method> <!-- createNewAccount -->
        <test-method is-config="true" signature="teardown()[pri:0, instance:com.training.testcases.ContactsTest@57a3af25]" started-at="2024-09-25T13:17:06Z" name="teardown" finished-at="2024-09-25T13:17:06Z" duration-ms="398" status="PASS">
          <reporter-output>
          </reporter-output>
        </test-method> <!-- teardown -->
        <test-method is-config="true" signature="beforeMethod()[pri:0, instance:com.training.testcases.ContactsTest@57a3af25]" started-at="2024-09-25T13:17:06Z" name="beforeMethod" finished-at="2024-09-25T13:17:13Z" duration-ms="6349" status="PASS">
          <reporter-output>
          </reporter-output>
        </test-method> <!-- beforeMethod -->
        <test-method signature="createNewContactError(java.lang.String, java.lang.String)[pri:0, instance:com.training.testcases.ContactsTest@57a3af25]" started-at="2024-09-25T13:17:13Z" name="createNewContactError" finished-at="2024-09-25T13:17:23Z" duration-ms="10436" status="PASS">
          <params>
            <param index="0">
              <value>
                <![CDATA[malavika@mst.com]]>
              </value>
            </param>
            <param index="1">
              <value>
                <![CDATA[jithesh@13]]>
              </value>
            </param>
          </params>
          <reporter-output>
          </reporter-output>
        </test-method> <!-- createNewContactError -->
        <test-method is-config="true" signature="teardown()[pri:0, instance:com.training.testcases.ContactsTest@57a3af25]" started-at="2024-09-25T13:17:23Z" name="teardown" finished-at="2024-09-25T13:17:23Z" duration-ms="456" status="PASS">
          <reporter-output>
          </reporter-output>
        </test-method> <!-- teardown -->
        <test-method is-config="true" signature="beforeMethod()[pri:0, instance:com.training.testcases.ContactsTest@57a3af25]" started-at="2024-09-25T13:17:23Z" name="beforeMethod" finished-at="2024-09-25T13:17:30Z" duration-ms="6153" status="PASS">
          <reporter-output>
          </reporter-output>
        </test-method> <!-- beforeMethod -->
        <test-method signature="createNewViewinContactPage(java.lang.String, java.lang.String)[pri:0, instance:com.training.testcases.ContactsTest@57a3af25]" started-at="2024-09-25T13:17:30Z" name="createNewViewinContactPage" finished-at="2024-09-25T13:17:55Z" duration-ms="25136" status="PASS">
          <params>
            <param index="0">
              <value>
                <![CDATA[malavika@mst.com]]>
              </value>
            </param>
            <param index="1">
              <value>
                <![CDATA[jithesh@13]]>
              </value>
            </param>
          </params>
          <reporter-output>
          </reporter-output>
        </test-method> <!-- createNewViewinContactPage -->
        <test-method is-config="true" signature="teardown()[pri:0, instance:com.training.testcases.ContactsTest@57a3af25]" started-at="2024-09-25T13:17:55Z" name="teardown" finished-at="2024-09-25T13:17:55Z" duration-ms="387" status="PASS">
          <reporter-output>
          </reporter-output>
        </test-method> <!-- teardown -->
        <test-method is-config="true" signature="beforeMethod()[pri:0, instance:com.training.testcases.ContactsTest@57a3af25]" started-at="2024-09-25T13:17:55Z" name="beforeMethod" finished-at="2024-09-25T13:18:01Z" duration-ms="6213" status="PASS">
          <reporter-output>
          </reporter-output>
        </test-method> <!-- beforeMethod -->
        <test-method signature="gotoMyContactsView(java.lang.String, java.lang.String)[pri:0, instance:com.training.testcases.ContactsTest@57a3af25]" started-at="2024-09-25T13:18:01Z" name="gotoMyContactsView" finished-at="2024-09-25T13:18:11Z" duration-ms="9290" status="PASS">
          <params>
            <param index="0">
              <value>
                <![CDATA[malavika@mst.com]]>
              </value>
            </param>
            <param index="1">
              <value>
                <![CDATA[jithesh@13]]>
              </value>
            </param>
          </params>
          <reporter-output>
          </reporter-output>
        </test-method> <!-- gotoMyContactsView -->
        <test-method is-config="true" signature="teardown()[pri:0, instance:com.training.testcases.ContactsTest@57a3af25]" started-at="2024-09-25T13:18:11Z" name="teardown" finished-at="2024-09-25T13:18:11Z" duration-ms="381" status="PASS">
          <reporter-output>
          </reporter-output>
        </test-method> <!-- teardown -->
        <test-method is-config="true" signature="beforeMethod()[pri:0, instance:com.training.testcases.ContactsTest@57a3af25]" started-at="2024-09-25T13:18:11Z" name="beforeMethod" finished-at="2024-09-25T13:18:17Z" duration-ms="6268" status="PASS">
          <reporter-output>
          </reporter-output>
        </test-method> <!-- beforeMethod -->
        <test-method signature="newViewinContactPageCancel(java.lang.String, java.lang.String)[pri:0, instance:com.training.testcases.ContactsTest@57a3af25]" started-at="2024-09-25T13:18:17Z" name="newViewinContactPageCancel" finished-at="2024-09-25T13:18:43Z" duration-ms="25282" status="PASS">
          <params>
            <param index="0">
              <value>
                <![CDATA[malavika@mst.com]]>
              </value>
            </param>
            <param index="1">
              <value>
                <![CDATA[jithesh@13]]>
              </value>
            </param>
          </params>
          <reporter-output>
          </reporter-output>
        </test-method> <!-- newViewinContactPageCancel -->
        <test-method is-config="true" signature="teardown()[pri:0, instance:com.training.testcases.ContactsTest@57a3af25]" started-at="2024-09-25T13:18:43Z" name="teardown" finished-at="2024-09-25T13:18:43Z" duration-ms="804" status="PASS">
          <reporter-output>
          </reporter-output>
        </test-method> <!-- teardown -->
        <test-method is-config="true" signature="beforeMethod()[pri:0, instance:com.training.testcases.ContactsTest@57a3af25]" started-at="2024-09-25T13:18:43Z" name="beforeMethod" finished-at="2024-09-25T13:18:50Z" duration-ms="6163" status="PASS">
          <reporter-output>
          </reporter-output>
        </test-method> <!-- beforeMethod -->
        <test-method signature="newViewinContactPageError(java.lang.String, java.lang.String)[pri:0, instance:com.training.testcases.ContactsTest@57a3af25]" started-at="2024-09-25T13:18:50Z" name="newViewinContactPageError" finished-at="2024-09-25T13:19:01Z" duration-ms="11567" status="PASS">
          <params>
            <param index="0">
              <value>
                <![CDATA[malavika@mst.com]]>
              </value>
            </param>
            <param index="1">
              <value>
                <![CDATA[jithesh@13]]>
              </value>
            </param>
          </params>
          <reporter-output>
          </reporter-output>
        </test-method> <!-- newViewinContactPageError -->
        <test-method is-config="true" signature="teardown()[pri:0, instance:com.training.testcases.ContactsTest@57a3af25]" started-at="2024-09-25T13:19:01Z" name="teardown" finished-at="2024-09-25T13:19:02Z" duration-ms="559" status="PASS">
          <reporter-output>
          </reporter-output>
        </test-method> <!-- teardown -->
        <test-method is-config="true" signature="beforeMethod()[pri:0, instance:com.training.testcases.ContactsTest@57a3af25]" started-at="2024-09-25T13:19:02Z" name="beforeMethod" finished-at="2024-09-25T13:19:08Z" duration-ms="6068" status="PASS">
          <reporter-output>
          </reporter-output>
        </test-method> <!-- beforeMethod -->
        <test-method signature="selectRecentlyCreated(java.lang.String, java.lang.String)[pri:0, instance:com.training.testcases.ContactsTest@57a3af25]" started-at="2024-09-25T13:19:08Z" name="selectRecentlyCreated" finished-at="2024-09-25T13:19:32Z" duration-ms="24214" status="PASS">
          <params>
            <param index="0">
              <value>
                <![CDATA[malavika@mst.com]]>
              </value>
            </param>
            <param index="1">
              <value>
                <![CDATA[jithesh@13]]>
              </value>
            </param>
          </params>
          <reporter-output>
          </reporter-output>
        </test-method> <!-- selectRecentlyCreated -->
        <test-method is-config="true" signature="teardown()[pri:0, instance:com.training.testcases.ContactsTest@57a3af25]" started-at="2024-09-25T13:19:32Z" name="teardown" finished-at="2024-09-25T13:19:32Z" duration-ms="376" status="PASS">
          <reporter-output>
          </reporter-output>
        </test-method> <!-- teardown -->
        <test-method is-config="true" signature="beforeMethod()[pri:0, instance:com.training.testcases.ContactsTest@57a3af25]" started-at="2024-09-25T13:19:32Z" name="beforeMethod" finished-at="2024-09-25T13:19:39Z" duration-ms="6185" status="PASS">
          <reporter-output>
          </reporter-output>
        </test-method> <!-- beforeMethod -->
        <test-method signature="viewContactName(java.lang.String, java.lang.String)[pri:0, instance:com.training.testcases.ContactsTest@57a3af25]" started-at="2024-09-25T13:19:39Z" name="viewContactName" finished-at="2024-09-25T13:20:05Z" duration-ms="25971" status="PASS">
          <params>
            <param index="0">
              <value>
                <![CDATA[malavika@mst.com]]>
              </value>
            </param>
            <param index="1">
              <value>
                <![CDATA[jithesh@13]]>
              </value>
            </param>
          </params>
          <reporter-output>
          </reporter-output>
        </test-method> <!-- viewContactName -->
        <test-method is-config="true" signature="teardown()[pri:0, instance:com.training.testcases.ContactsTest@57a3af25]" started-at="2024-09-25T13:20:05Z" name="teardown" finished-at="2024-09-25T13:20:05Z" duration-ms="781" status="PASS">
          <reporter-output>
          </reporter-output>
        </test-method> <!-- teardown -->
      </class> <!-- com.training.testcases.ContactsTest -->
    </test> <!-- Contacts -->
    <test started-at="2024-09-25T20:20:05Z" name="RandomScenarios" finished-at="2024-09-25T20:22:07Z" duration-ms="121879">
      <class name="com.training.testcases.RandomScenariosTest">
        <test-method is-config="true" signature="beforeMethod()[pri:0, instance:com.training.testcases.RandomScenariosTest@9597028]" started-at="2024-09-25T13:20:05Z" name="beforeMethod" finished-at="2024-09-25T13:20:12Z" duration-ms="6153" status="PASS">
          <reporter-output>
          </reporter-output>
        </test-method> <!-- beforeMethod -->
        <test-method signature="blockEventCalendar(java.lang.String, java.lang.String)[pri:0, instance:com.training.testcases.RandomScenariosTest@9597028]" started-at="2024-09-25T13:20:12Z" name="blockEventCalendar" finished-at="2024-09-25T13:20:25Z" duration-ms="13119" status="FAIL">
          <params>
            <param index="0">
              <value>
                <![CDATA[malavika@mst.com]]>
              </value>
            </param>
            <param index="1">
              <value>
                <![CDATA[jithesh@13]]>
              </value>
            </param>
          </params>
          <exception class="org.openqa.selenium.NoSuchElementException">
            <message>
              <![CDATA[no such element: Unable to locate element: {"method":"xpath","selector":"//a[@href='/00U/c?md3=220&md0=2024']"}
  (Session info: chrome=129.0.6668.59)
For documentation on this error, please visit: https://www.seleniumhq.org/exceptions/no_such_element.html
Build info: version: '3.141.59', revision: 'e82be7d358', time: '2018-11-14T08:17:03'
System info: host: 'MacBook-Air-163.hsd1.ca.comcast.net', ip: '2601:646:8900:8f80:0:0:0:46fa%en0', os.name: 'Mac OS X', os.arch: 'x86_64', os.version: '10.16', java.version: '15.0.1'
Driver info: org.openqa.selenium.chrome.ChromeDriver
Capabilities {acceptInsecureCerts: false, browserName: chrome, browserVersion: 129.0.6668.59, chrome: {chromedriverVersion: 129.0.6668.70 (df87d5cf12b1..., userDataDir: /var/folders/_l/9y0ldsps16q...}, fedcm:accounts: true, goog:chromeOptions: {debuggerAddress: localhost:64375}, javascriptEnabled: true, networkConnectionEnabled: false, pageLoadStrategy: normal, platform: MAC, platformName: MAC, proxy: Proxy(), setWindowRect: true, strictFileInteractability: false, timeouts: {implicit: 0, pageLoad: 300000, script: 30000}, unhandledPromptBehavior: dismiss and notify, webauthn:extension:credBlob: true, webauthn:extension:largeBlob: true, webauthn:extension:minPinLength: true, webauthn:extension:prf: true, webauthn:virtualAuthenticators: true}
Session ID: 2e0b379acb6d3fdff041c0dd8653f56c
*** Element info: {Using=xpath, value=//a[@href='/00U/c?md3=220&md0=2024']}]]>
            </message>
            <full-stacktrace>
              <![CDATA[org.openqa.selenium.NoSuchElementException: no such element: Unable to locate element: {"method":"xpath","selector":"//a[@href='/00U/c?md3=220&md0=2024']"}
  (Session info: chrome=129.0.6668.59)
For documentation on this error, please visit: https://www.seleniumhq.org/exceptions/no_such_element.html
Build info: version: '3.141.59', revision: 'e82be7d358', time: '2018-11-14T08:17:03'
System info: host: 'MacBook-Air-163.hsd1.ca.comcast.net', ip: '2601:646:8900:8f80:0:0:0:46fa%en0', os.name: 'Mac OS X', os.arch: 'x86_64', os.version: '10.16', java.version: '15.0.1'
Driver info: org.openqa.selenium.chrome.ChromeDriver
Capabilities {acceptInsecureCerts: false, browserName: chrome, browserVersion: 129.0.6668.59, chrome: {chromedriverVersion: 129.0.6668.70 (df87d5cf12b1..., userDataDir: /var/folders/_l/9y0ldsps16q...}, fedcm:accounts: true, goog:chromeOptions: {debuggerAddress: localhost:64375}, javascriptEnabled: true, networkConnectionEnabled: false, pageLoadStrategy: normal, platform: MAC, platformName: MAC, proxy: Proxy(), setWindowRect: true, strictFileInteractability: false, timeouts: {implicit: 0, pageLoad: 300000, script: 30000}, unhandledPromptBehavior: dismiss and notify, webauthn:extension:credBlob: true, webauthn:extension:largeBlob: true, webauthn:extension:minPinLength: true, webauthn:extension:prf: true, webauthn:virtualAuthenticators: true}
Session ID: 2e0b379acb6d3fdff041c0dd8653f56c
*** Element info: {Using=xpath, value=//a[@href='/00U/c?md3=220&md0=2024']}
	at java.base/jdk.internal.reflect.NativeConstructorAccessorImpl.newInstance0(Native Method)
	at java.base/jdk.internal.reflect.NativeConstructorAccessorImpl.newInstance(NativeConstructorAccessorImpl.java:64)
	at java.base/jdk.internal.reflect.DelegatingConstructorAccessorImpl.newInstance(DelegatingConstructorAccessorImpl.java:45)
	at java.base/java.lang.reflect.Constructor.newInstanceWithCaller(Constructor.java:500)
	at java.base/java.lang.reflect.Constructor.newInstance(Constructor.java:481)
	at org.openqa.selenium.remote.http.W3CHttpResponseCodec.createException(W3CHttpResponseCodec.java:187)
	at org.openqa.selenium.remote.http.W3CHttpResponseCodec.decode(W3CHttpResponseCodec.java:122)
	at org.openqa.selenium.remote.http.W3CHttpResponseCodec.decode(W3CHttpResponseCodec.java:49)
	at org.openqa.selenium.remote.HttpCommandExecutor.execute(HttpCommandExecutor.java:158)
	at org.openqa.selenium.remote.service.DriverCommandExecutor.execute(DriverCommandExecutor.java:83)
	at org.openqa.selenium.remote.RemoteWebDriver.execute(RemoteWebDriver.java:552)
	at org.openqa.selenium.remote.RemoteWebDriver.findElement(RemoteWebDriver.java:323)
	at org.openqa.selenium.remote.RemoteWebDriver.findElementByXPath(RemoteWebDriver.java:428)
	at org.openqa.selenium.By$ByXPath.findElement(By.java:353)
	at org.openqa.selenium.remote.RemoteWebDriver.findElement(RemoteWebDriver.java:315)
	at org.openqa.selenium.support.pagefactory.DefaultElementLocator.findElement(DefaultElementLocator.java:69)
	at org.openqa.selenium.support.pagefactory.internal.LocatingElementHandler.invoke(LocatingElementHandler.java:38)
	at com.sun.proxy.$Proxy12.click(Unknown Source)
	at com.training.pages.RandomScenariosPage.clickCurrDate(RandomScenariosPage.java:119)
	at com.training.testcases.RandomScenariosTest.blockEventCalendar(RandomScenariosTest.java:140)
	at java.base/jdk.internal.reflect.NativeMethodAccessorImpl.invoke0(Native Method)
	at java.base/jdk.internal.reflect.NativeMethodAccessorImpl.invoke(NativeMethodAccessorImpl.java:64)
	at java.base/jdk.internal.reflect.DelegatingMethodAccessorImpl.invoke(DelegatingMethodAccessorImpl.java:43)
	at java.base/java.lang.reflect.Method.invoke(Method.java:564)
	at org.testng.internal.MethodInvocationHelper.invokeMethod(MethodInvocationHelper.java:85)
	at org.testng.internal.Invoker.invokeMethod(Invoker.java:639)
	at org.testng.internal.Invoker.invokeTestMethod(Invoker.java:816)
	at org.testng.internal.Invoker.invokeTestMethods(Invoker.java:1124)
	at org.testng.internal.TestMethodWorker.invokeTestMethods(TestMethodWorker.java:125)
	at org.testng.internal.TestMethodWorker.run(TestMethodWorker.java:108)
	at org.testng.TestRunner.privateRun(TestRunner.java:774)
	at org.testng.TestRunner.run(TestRunner.java:624)
	at org.testng.SuiteRunner.runTest(SuiteRunner.java:359)
	at org.testng.SuiteRunner.runSequentially(SuiteRunner.java:354)
	at org.testng.SuiteRunner.privateRun(SuiteRunner.java:312)
	at org.testng.SuiteRunner.run(SuiteRunner.java:261)
	at org.testng.SuiteRunnerWorker.runSuite(SuiteRunnerWorker.java:52)
	at org.testng.SuiteRunnerWorker.run(SuiteRunnerWorker.java:86)
	at org.testng.TestNG.runSuitesSequentially(TestNG.java:1215)
	at org.testng.TestNG.runSuitesLocally(TestNG.java:1140)
	at org.testng.TestNG.run(TestNG.java:1048)
	at org.apache.maven.surefire.testng.TestNGExecutor.run(TestNGExecutor.java:281)
	at org.apache.maven.surefire.testng.TestNGXmlTestSuite.execute(TestNGXmlTestSuite.java:75)
	at org.apache.maven.surefire.testng.TestNGProvider.invoke(TestNGProvider.java:121)
	at org.apache.maven.surefire.booter.ForkedBooter.invokeProviderInSameClassLoader(ForkedBooter.java:290)
	at org.apache.maven.surefire.booter.ForkedBooter.runSuitesInProcess(ForkedBooter.java:242)
	at org.apache.maven.surefire.booter.ForkedBooter.main(ForkedBooter.java:121)
]]>
            </full-stacktrace>
          </exception> <!-- org.openqa.selenium.NoSuchElementException -->
          <reporter-output>
          </reporter-output>
        </test-method> <!-- blockEventCalendar -->
        <test-method is-config="true" signature="teardown()[pri:0, instance:com.training.testcases.RandomScenariosTest@9597028]" started-at="2024-09-25T13:20:25Z" name="teardown" finished-at="2024-09-25T13:20:25Z" duration-ms="454" status="PASS">
          <reporter-output>
          </reporter-output>
        </test-method> <!-- teardown -->
        <test-method is-config="true" signature="beforeMethod()[pri:0, instance:com.training.testcases.RandomScenariosTest@9597028]" started-at="2024-09-25T13:20:25Z" name="beforeMethod" finished-at="2024-09-25T13:20:31Z" duration-ms="6083" status="PASS">
          <reporter-output>
          </reporter-output>
        </test-method> <!-- beforeMethod -->
        <test-method signature="blockRecurrence(java.lang.String, java.lang.String)[pri:0, instance:com.training.testcases.RandomScenariosTest@9597028]" started-at="2024-09-25T13:20:31Z" name="blockRecurrence" finished-at="2024-09-25T13:20:59Z" duration-ms="27829" status="FAIL">
          <params>
            <param index="0">
              <value>
                <![CDATA[malavika@mst.com]]>
              </value>
            </param>
            <param index="1">
              <value>
                <![CDATA[jithesh@13]]>
              </value>
            </param>
          </params>
          <exception class="org.openqa.selenium.NoSuchElementException">
            <message>
              <![CDATA[no such element: Unable to locate element: {"method":"xpath","selector":"//a[@href='/00U/c?md3=220&md0=2024']"}
  (Session info: chrome=129.0.6668.59)
For documentation on this error, please visit: https://www.seleniumhq.org/exceptions/no_such_element.html
Build info: version: '3.141.59', revision: 'e82be7d358', time: '2018-11-14T08:17:03'
System info: host: 'MacBook-Air-163.hsd1.ca.comcast.net', ip: '2601:646:8900:8f80:0:0:0:46fa%en0', os.name: 'Mac OS X', os.arch: 'x86_64', os.version: '10.16', java.version: '15.0.1'
Driver info: org.openqa.selenium.chrome.ChromeDriver
Capabilities {acceptInsecureCerts: false, browserName: chrome, browserVersion: 129.0.6668.59, chrome: {chromedriverVersion: 129.0.6668.70 (df87d5cf12b1..., userDataDir: /var/folders/_l/9y0ldsps16q...}, fedcm:accounts: true, goog:chromeOptions: {debuggerAddress: localhost:64421}, javascriptEnabled: true, networkConnectionEnabled: false, pageLoadStrategy: normal, platform: MAC, platformName: MAC, proxy: Proxy(), setWindowRect: true, strictFileInteractability: false, timeouts: {implicit: 0, pageLoad: 300000, script: 30000}, unhandledPromptBehavior: dismiss and notify, webauthn:extension:credBlob: true, webauthn:extension:largeBlob: true, webauthn:extension:minPinLength: true, webauthn:extension:prf: true, webauthn:virtualAuthenticators: true}
Session ID: 1a9a35be8eda37ab8f959e5a2961dbbc
*** Element info: {Using=xpath, value=//a[@href='/00U/c?md3=220&md0=2024']}]]>
            </message>
            <full-stacktrace>
              <![CDATA[org.openqa.selenium.NoSuchElementException: no such element: Unable to locate element: {"method":"xpath","selector":"//a[@href='/00U/c?md3=220&md0=2024']"}
  (Session info: chrome=129.0.6668.59)
For documentation on this error, please visit: https://www.seleniumhq.org/exceptions/no_such_element.html
Build info: version: '3.141.59', revision: 'e82be7d358', time: '2018-11-14T08:17:03'
System info: host: 'MacBook-Air-163.hsd1.ca.comcast.net', ip: '2601:646:8900:8f80:0:0:0:46fa%en0', os.name: 'Mac OS X', os.arch: 'x86_64', os.version: '10.16', java.version: '15.0.1'
Driver info: org.openqa.selenium.chrome.ChromeDriver
Capabilities {acceptInsecureCerts: false, browserName: chrome, browserVersion: 129.0.6668.59, chrome: {chromedriverVersion: 129.0.6668.70 (df87d5cf12b1..., userDataDir: /var/folders/_l/9y0ldsps16q...}, fedcm:accounts: true, goog:chromeOptions: {debuggerAddress: localhost:64421}, javascriptEnabled: true, networkConnectionEnabled: false, pageLoadStrategy: normal, platform: MAC, platformName: MAC, proxy: Proxy(), setWindowRect: true, strictFileInteractability: false, timeouts: {implicit: 0, pageLoad: 300000, script: 30000}, unhandledPromptBehavior: dismiss and notify, webauthn:extension:credBlob: true, webauthn:extension:largeBlob: true, webauthn:extension:minPinLength: true, webauthn:extension:prf: true, webauthn:virtualAuthenticators: true}
Session ID: 1a9a35be8eda37ab8f959e5a2961dbbc
*** Element info: {Using=xpath, value=//a[@href='/00U/c?md3=220&md0=2024']}
	at java.base/jdk.internal.reflect.NativeConstructorAccessorImpl.newInstance0(Native Method)
	at java.base/jdk.internal.reflect.NativeConstructorAccessorImpl.newInstance(NativeConstructorAccessorImpl.java:64)
	at java.base/jdk.internal.reflect.DelegatingConstructorAccessorImpl.newInstance(DelegatingConstructorAccessorImpl.java:45)
	at java.base/java.lang.reflect.Constructor.newInstanceWithCaller(Constructor.java:500)
	at java.base/java.lang.reflect.Constructor.newInstance(Constructor.java:481)
	at org.openqa.selenium.remote.http.W3CHttpResponseCodec.createException(W3CHttpResponseCodec.java:187)
	at org.openqa.selenium.remote.http.W3CHttpResponseCodec.decode(W3CHttpResponseCodec.java:122)
	at org.openqa.selenium.remote.http.W3CHttpResponseCodec.decode(W3CHttpResponseCodec.java:49)
	at org.openqa.selenium.remote.HttpCommandExecutor.execute(HttpCommandExecutor.java:158)
	at org.openqa.selenium.remote.service.DriverCommandExecutor.execute(DriverCommandExecutor.java:83)
	at org.openqa.selenium.remote.RemoteWebDriver.execute(RemoteWebDriver.java:552)
	at org.openqa.selenium.remote.RemoteWebDriver.findElement(RemoteWebDriver.java:323)
	at org.openqa.selenium.remote.RemoteWebDriver.findElementByXPath(RemoteWebDriver.java:428)
	at org.openqa.selenium.By$ByXPath.findElement(By.java:353)
	at org.openqa.selenium.remote.RemoteWebDriver.findElement(RemoteWebDriver.java:315)
	at org.openqa.selenium.support.pagefactory.DefaultElementLocator.findElement(DefaultElementLocator.java:69)
	at org.openqa.selenium.support.pagefactory.internal.LocatingElementHandler.invoke(LocatingElementHandler.java:38)
	at com.sun.proxy.$Proxy12.click(Unknown Source)
	at com.training.pages.RandomScenariosPage.clickCurrDate(RandomScenariosPage.java:119)
	at com.training.testcases.RandomScenariosTest.blockRecurrence(RandomScenariosTest.java:165)
	at java.base/jdk.internal.reflect.NativeMethodAccessorImpl.invoke0(Native Method)
	at java.base/jdk.internal.reflect.NativeMethodAccessorImpl.invoke(NativeMethodAccessorImpl.java:64)
	at java.base/jdk.internal.reflect.DelegatingMethodAccessorImpl.invoke(DelegatingMethodAccessorImpl.java:43)
	at java.base/java.lang.reflect.Method.invoke(Method.java:564)
	at org.testng.internal.MethodInvocationHelper.invokeMethod(MethodInvocationHelper.java:85)
	at org.testng.internal.Invoker.invokeMethod(Invoker.java:639)
	at org.testng.internal.Invoker.invokeTestMethod(Invoker.java:816)
	at org.testng.internal.Invoker.invokeTestMethods(Invoker.java:1124)
	at org.testng.internal.TestMethodWorker.invokeTestMethods(TestMethodWorker.java:125)
	at org.testng.internal.TestMethodWorker.run(TestMethodWorker.java:108)
	at org.testng.TestRunner.privateRun(TestRunner.java:774)
	at org.testng.TestRunner.run(TestRunner.java:624)
	at org.testng.SuiteRunner.runTest(SuiteRunner.java:359)
	at org.testng.SuiteRunner.runSequentially(SuiteRunner.java:354)
	at org.testng.SuiteRunner.privateRun(SuiteRunner.java:312)
	at org.testng.SuiteRunner.run(SuiteRunner.java:261)
	at org.testng.SuiteRunnerWorker.runSuite(SuiteRunnerWorker.java:52)
	at org.testng.SuiteRunnerWorker.run(SuiteRunnerWorker.java:86)
	at org.testng.TestNG.runSuitesSequentially(TestNG.java:1215)
	at org.testng.TestNG.runSuitesLocally(TestNG.java:1140)
	at org.testng.TestNG.run(TestNG.java:1048)
	at org.apache.maven.surefire.testng.TestNGExecutor.run(TestNGExecutor.java:281)
	at org.apache.maven.surefire.testng.TestNGXmlTestSuite.execute(TestNGXmlTestSuite.java:75)
	at org.apache.maven.surefire.testng.TestNGProvider.invoke(TestNGProvider.java:121)
	at org.apache.maven.surefire.booter.ForkedBooter.invokeProviderInSameClassLoader(ForkedBooter.java:290)
	at org.apache.maven.surefire.booter.ForkedBooter.runSuitesInProcess(ForkedBooter.java:242)
	at org.apache.maven.surefire.booter.ForkedBooter.main(ForkedBooter.java:121)
]]>
            </full-stacktrace>
          </exception> <!-- org.openqa.selenium.NoSuchElementException -->
          <reporter-output>
          </reporter-output>
        </test-method> <!-- blockRecurrence -->
        <test-method is-config="true" signature="teardown()[pri:0, instance:com.training.testcases.RandomScenariosTest@9597028]" started-at="2024-09-25T13:20:59Z" name="teardown" finished-at="2024-09-25T13:21:00Z" duration-ms="521" status="PASS">
          <reporter-output>
          </reporter-output>
        </test-method> <!-- teardown -->
        <test-method is-config="true" signature="beforeMethod()[pri:0, instance:com.training.testcases.RandomScenariosTest@9597028]" started-at="2024-09-25T13:21:00Z" name="beforeMethod" finished-at="2024-09-25T13:21:06Z" duration-ms="6121" status="PASS">
          <reporter-output>
          </reporter-output>
        </test-method> <!-- beforeMethod -->
        <test-method signature="createNewAccount(java.lang.String, java.lang.String)[pri:0, instance:com.training.testcases.RandomScenariosTest@9597028]" started-at="2024-09-25T13:21:06Z" name="createNewAccount" finished-at="2024-09-25T13:21:20Z" duration-ms="13839" status="PASS">
          <params>
            <param index="0">
              <value>
                <![CDATA[malavika@mst.com]]>
              </value>
            </param>
            <param index="1">
              <value>
                <![CDATA[jithesh@13]]>
              </value>
            </param>
          </params>
          <reporter-output>
          </reporter-output>
        </test-method> <!-- createNewAccount -->
        <test-method is-config="true" signature="teardown()[pri:0, instance:com.training.testcases.RandomScenariosTest@9597028]" started-at="2024-09-25T13:21:20Z" name="teardown" finished-at="2024-09-25T13:21:20Z" duration-ms="409" status="PASS">
          <reporter-output>
          </reporter-output>
        </test-method> <!-- teardown -->
        <test-method is-config="true" signature="beforeMethod()[pri:0, instance:com.training.testcases.RandomScenariosTest@9597028]" started-at="2024-09-25T13:21:20Z" name="beforeMethod" finished-at="2024-09-25T13:21:26Z" duration-ms="6245" status="PASS">
          <reporter-output>
          </reporter-output>
        </test-method> <!-- beforeMethod -->
        <test-method signature="verifyEditedLastName(java.lang.String, java.lang.String)[pri:0, instance:com.training.testcases.RandomScenariosTest@9597028]" started-at="2024-09-25T13:21:26Z" name="verifyEditedLastName" finished-at="2024-09-25T13:21:37Z" duration-ms="10352" status="FAIL">
          <params>
            <param index="0">
              <value>
                <![CDATA[malavika@mst.com]]>
              </value>
            </param>
            <param index="1">
              <value>
                <![CDATA[jithesh@13]]>
              </value>
            </param>
          </params>
          <exception class="org.openqa.selenium.NoSuchElementException">
            <message>
              <![CDATA[no such element: Unable to locate element: {"method":"xpath","selector":"//a[text()='Malavika Sreedhar Tankala']"}
  (Session info: chrome=129.0.6668.59)
For documentation on this error, please visit: https://www.seleniumhq.org/exceptions/no_such_element.html
Build info: version: '3.141.59', revision: 'e82be7d358', time: '2018-11-14T08:17:03'
System info: host: 'MacBook-Air-163.hsd1.ca.comcast.net', ip: '2601:646:8900:8f80:0:0:0:46fa%en0', os.name: 'Mac OS X', os.arch: 'x86_64', os.version: '10.16', java.version: '15.0.1'
Driver info: org.openqa.selenium.chrome.ChromeDriver
Capabilities {acceptInsecureCerts: false, browserName: chrome, browserVersion: 129.0.6668.59, chrome: {chromedriverVersion: 129.0.6668.70 (df87d5cf12b1..., userDataDir: /var/folders/_l/9y0ldsps16q...}, fedcm:accounts: true, goog:chromeOptions: {debuggerAddress: localhost:64517}, javascriptEnabled: true, networkConnectionEnabled: false, pageLoadStrategy: normal, platform: MAC, platformName: MAC, proxy: Proxy(), setWindowRect: true, strictFileInteractability: false, timeouts: {implicit: 0, pageLoad: 300000, script: 30000}, unhandledPromptBehavior: dismiss and notify, webauthn:extension:credBlob: true, webauthn:extension:largeBlob: true, webauthn:extension:minPinLength: true, webauthn:extension:prf: true, webauthn:virtualAuthenticators: true}
Session ID: b96844fdbd381d7923c32f3747c91eb4
*** Element info: {Using=xpath, value=//a[text()='Malavika Sreedhar Tankala']}]]>
            </message>
            <full-stacktrace>
              <![CDATA[org.openqa.selenium.NoSuchElementException: no such element: Unable to locate element: {"method":"xpath","selector":"//a[text()='Malavika Sreedhar Tankala']"}
  (Session info: chrome=129.0.6668.59)
For documentation on this error, please visit: https://www.seleniumhq.org/exceptions/no_such_element.html
Build info: version: '3.141.59', revision: 'e82be7d358', time: '2018-11-14T08:17:03'
System info: host: 'MacBook-Air-163.hsd1.ca.comcast.net', ip: '2601:646:8900:8f80:0:0:0:46fa%en0', os.name: 'Mac OS X', os.arch: 'x86_64', os.version: '10.16', java.version: '15.0.1'
Driver info: org.openqa.selenium.chrome.ChromeDriver
Capabilities {acceptInsecureCerts: false, browserName: chrome, browserVersion: 129.0.6668.59, chrome: {chromedriverVersion: 129.0.6668.70 (df87d5cf12b1..., userDataDir: /var/folders/_l/9y0ldsps16q...}, fedcm:accounts: true, goog:chromeOptions: {debuggerAddress: localhost:64517}, javascriptEnabled: true, networkConnectionEnabled: false, pageLoadStrategy: normal, platform: MAC, platformName: MAC, proxy: Proxy(), setWindowRect: true, strictFileInteractability: false, timeouts: {implicit: 0, pageLoad: 300000, script: 30000}, unhandledPromptBehavior: dismiss and notify, webauthn:extension:credBlob: true, webauthn:extension:largeBlob: true, webauthn:extension:minPinLength: true, webauthn:extension:prf: true, webauthn:virtualAuthenticators: true}
Session ID: b96844fdbd381d7923c32f3747c91eb4
*** Element info: {Using=xpath, value=//a[text()='Malavika Sreedhar Tankala']}
	at java.base/jdk.internal.reflect.NativeConstructorAccessorImpl.newInstance0(Native Method)
	at java.base/jdk.internal.reflect.NativeConstructorAccessorImpl.newInstance(NativeConstructorAccessorImpl.java:64)
	at java.base/jdk.internal.reflect.DelegatingConstructorAccessorImpl.newInstance(DelegatingConstructorAccessorImpl.java:45)
	at java.base/java.lang.reflect.Constructor.newInstanceWithCaller(Constructor.java:500)
	at java.base/java.lang.reflect.Constructor.newInstance(Constructor.java:481)
	at org.openqa.selenium.remote.http.W3CHttpResponseCodec.createException(W3CHttpResponseCodec.java:187)
	at org.openqa.selenium.remote.http.W3CHttpResponseCodec.decode(W3CHttpResponseCodec.java:122)
	at org.openqa.selenium.remote.http.W3CHttpResponseCodec.decode(W3CHttpResponseCodec.java:49)
	at org.openqa.selenium.remote.HttpCommandExecutor.execute(HttpCommandExecutor.java:158)
	at org.openqa.selenium.remote.service.DriverCommandExecutor.execute(DriverCommandExecutor.java:83)
	at org.openqa.selenium.remote.RemoteWebDriver.execute(RemoteWebDriver.java:552)
	at org.openqa.selenium.remote.RemoteWebDriver.findElement(RemoteWebDriver.java:323)
	at org.openqa.selenium.remote.RemoteWebDriver.findElementByXPath(RemoteWebDriver.java:428)
	at org.openqa.selenium.By$ByXPath.findElement(By.java:353)
	at org.openqa.selenium.remote.RemoteWebDriver.findElement(RemoteWebDriver.java:315)
	at org.openqa.selenium.support.pagefactory.DefaultElementLocator.findElement(DefaultElementLocator.java:69)
	at org.openqa.selenium.support.pagefactory.internal.LocatingElementHandler.invoke(LocatingElementHandler.java:38)
	at com.sun.proxy.$Proxy12.click(Unknown Source)
	at com.training.pages.RandomScenariosPage.clickfnamelname(RandomScenariosPage.java:86)
	at com.training.testcases.RandomScenariosTest.verifyEditedLastName(RandomScenariosTest.java:79)
	at java.base/jdk.internal.reflect.NativeMethodAccessorImpl.invoke0(Native Method)
	at java.base/jdk.internal.reflect.NativeMethodAccessorImpl.invoke(NativeMethodAccessorImpl.java:64)
	at java.base/jdk.internal.reflect.DelegatingMethodAccessorImpl.invoke(DelegatingMethodAccessorImpl.java:43)
	at java.base/java.lang.reflect.Method.invoke(Method.java:564)
	at org.testng.internal.MethodInvocationHelper.invokeMethod(MethodInvocationHelper.java:85)
	at org.testng.internal.Invoker.invokeMethod(Invoker.java:639)
	at org.testng.internal.Invoker.invokeTestMethod(Invoker.java:816)
	at org.testng.internal.Invoker.invokeTestMethods(Invoker.java:1124)
	at org.testng.internal.TestMethodWorker.invokeTestMethods(TestMethodWorker.java:125)
	at org.testng.internal.TestMethodWorker.run(TestMethodWorker.java:108)
	at org.testng.TestRunner.privateRun(TestRunner.java:774)
	at org.testng.TestRunner.run(TestRunner.java:624)
	at org.testng.SuiteRunner.runTest(SuiteRunner.java:359)
	at org.testng.SuiteRunner.runSequentially(SuiteRunner.java:354)
	at org.testng.SuiteRunner.privateRun(SuiteRunner.java:312)
	at org.testng.SuiteRunner.run(SuiteRunner.java:261)
	at org.testng.SuiteRunnerWorker.runSuite(SuiteRunnerWorker.java:52)
	at org.testng.SuiteRunnerWorker.run(SuiteRunnerWorker.java:86)
	at org.testng.TestNG.runSuitesSequentially(TestNG.java:1215)
	at org.testng.TestNG.runSuitesLocally(TestNG.java:1140)
	at org.testng.TestNG.run(TestNG.java:1048)
	at org.apache.maven.surefire.testng.TestNGExecutor.run(TestNGExecutor.java:281)
	at org.apache.maven.surefire.testng.TestNGXmlTestSuite.execute(TestNGXmlTestSuite.java:75)
	at org.apache.maven.surefire.testng.TestNGProvider.invoke(TestNGProvider.java:121)
	at org.apache.maven.surefire.booter.ForkedBooter.invokeProviderInSameClassLoader(ForkedBooter.java:290)
	at org.apache.maven.surefire.booter.ForkedBooter.runSuitesInProcess(ForkedBooter.java:242)
	at org.apache.maven.surefire.booter.ForkedBooter.main(ForkedBooter.java:121)
]]>
            </full-stacktrace>
          </exception> <!-- org.openqa.selenium.NoSuchElementException -->
          <reporter-output>
          </reporter-output>
        </test-method> <!-- verifyEditedLastName -->
        <test-method is-config="true" signature="teardown()[pri:0, instance:com.training.testcases.RandomScenariosTest@9597028]" started-at="2024-09-25T13:21:37Z" name="teardown" finished-at="2024-09-25T13:21:37Z" duration-ms="491" status="PASS">
          <reporter-output>
          </reporter-output>
        </test-method> <!-- teardown -->
        <test-method is-config="true" signature="beforeMethod()[pri:0, instance:com.training.testcases.RandomScenariosTest@9597028]" started-at="2024-09-25T13:21:37Z" name="beforeMethod" finished-at="2024-09-25T13:21:43Z" duration-ms="6102" status="PASS">
          <reporter-output>
          </reporter-output>
        </test-method> <!-- beforeMethod -->
        <test-method signature="verifyTabCustomization(java.lang.String, java.lang.String)[pri:0, instance:com.training.testcases.RandomScenariosTest@9597028]" started-at="2024-09-25T13:21:43Z" name="verifyTabCustomization" finished-at="2024-09-25T13:22:07Z" duration-ms="23733" status="FAIL">
          <params>
            <param index="0">
              <value>
                <![CDATA[malavika@mst.com]]>
              </value>
            </param>
            <param index="1">
              <value>
                <![CDATA[jithesh@13]]>
              </value>
            </param>
          </params>
          <exception class="org.openqa.selenium.NoSuchElementException">
            <message>
              <![CDATA[Cannot locate element with text: Subscriptions
For documentation on this error, please visit: https://www.seleniumhq.org/exceptions/no_such_element.html
Build info: version: '3.141.59', revision: 'e82be7d358', time: '2018-11-14T08:17:03'
System info: host: 'MacBook-Air-163.hsd1.ca.comcast.net', ip: '2601:646:8900:8f80:0:0:0:46fa%en0', os.name: 'Mac OS X', os.arch: 'x86_64', os.version: '10.16', java.version: '15.0.1'
Driver info: driver.version: unknown]]>
            </message>
            <full-stacktrace>
              <![CDATA[org.openqa.selenium.NoSuchElementException: Cannot locate element with text: Subscriptions
For documentation on this error, please visit: https://www.seleniumhq.org/exceptions/no_such_element.html
Build info: version: '3.141.59', revision: 'e82be7d358', time: '2018-11-14T08:17:03'
System info: host: 'MacBook-Air-163.hsd1.ca.comcast.net', ip: '2601:646:8900:8f80:0:0:0:46fa%en0', os.name: 'Mac OS X', os.arch: 'x86_64', os.version: '10.16', java.version: '15.0.1'
Driver info: driver.version: unknown
	at org.openqa.selenium.support.ui.Select.selectByVisibleText(Select.java:147)
	at com.training.pages.RandomScenariosPage.selectTabtoRemove(RandomScenariosPage.java:66)
	at com.training.testcases.RandomScenariosTest.verifyTabCustomization(RandomScenariosTest.java:105)
	at java.base/jdk.internal.reflect.NativeMethodAccessorImpl.invoke0(Native Method)
	at java.base/jdk.internal.reflect.NativeMethodAccessorImpl.invoke(NativeMethodAccessorImpl.java:64)
	at java.base/jdk.internal.reflect.DelegatingMethodAccessorImpl.invoke(DelegatingMethodAccessorImpl.java:43)
	at java.base/java.lang.reflect.Method.invoke(Method.java:564)
	at org.testng.internal.MethodInvocationHelper.invokeMethod(MethodInvocationHelper.java:85)
	at org.testng.internal.Invoker.invokeMethod(Invoker.java:639)
	at org.testng.internal.Invoker.invokeTestMethod(Invoker.java:816)
	at org.testng.internal.Invoker.invokeTestMethods(Invoker.java:1124)
	at org.testng.internal.TestMethodWorker.invokeTestMethods(TestMethodWorker.java:125)
	at org.testng.internal.TestMethodWorker.run(TestMethodWorker.java:108)
	at org.testng.TestRunner.privateRun(TestRunner.java:774)
	at org.testng.TestRunner.run(TestRunner.java:624)
	at org.testng.SuiteRunner.runTest(SuiteRunner.java:359)
	at org.testng.SuiteRunner.runSequentially(SuiteRunner.java:354)
	at org.testng.SuiteRunner.privateRun(SuiteRunner.java:312)
	at org.testng.SuiteRunner.run(SuiteRunner.java:261)
	at org.testng.SuiteRunnerWorker.runSuite(SuiteRunnerWorker.java:52)
	at org.testng.SuiteRunnerWorker.run(SuiteRunnerWorker.java:86)
	at org.testng.TestNG.runSuitesSequentially(TestNG.java:1215)
	at org.testng.TestNG.runSuitesLocally(TestNG.java:1140)
	at org.testng.TestNG.run(TestNG.java:1048)
	at org.apache.maven.surefire.testng.TestNGExecutor.run(TestNGExecutor.java:281)
	at org.apache.maven.surefire.testng.TestNGXmlTestSuite.execute(TestNGXmlTestSuite.java:75)
	at org.apache.maven.surefire.testng.TestNGProvider.invoke(TestNGProvider.java:121)
	at org.apache.maven.surefire.booter.ForkedBooter.invokeProviderInSameClassLoader(ForkedBooter.java:290)
	at org.apache.maven.surefire.booter.ForkedBooter.runSuitesInProcess(ForkedBooter.java:242)
	at org.apache.maven.surefire.booter.ForkedBooter.main(ForkedBooter.java:121)
]]>
            </full-stacktrace>
          </exception> <!-- org.openqa.selenium.NoSuchElementException -->
          <reporter-output>
          </reporter-output>
        </test-method> <!-- verifyTabCustomization -->
        <test-method is-config="true" signature="teardown()[pri:0, instance:com.training.testcases.RandomScenariosTest@9597028]" started-at="2024-09-25T13:22:07Z" name="teardown" finished-at="2024-09-25T13:22:07Z" duration-ms="406" status="PASS">
          <reporter-output>
          </reporter-output>
        </test-method> <!-- teardown -->
      </class> <!-- com.training.testcases.RandomScenariosTest -->
    </test> <!-- RandomScenarios -->
  </suite> <!-- Automation -->
</testng-results>
